2024-09-16 09:49:50,945 [INFO] Activator:176 - 


2024-09-16 09:49:50,946 [INFO] Activator:177 - !SESSION log4j initialized
2024-09-16 09:49:53,656 [INFO] LogOutputStream:77 - [STDOUT_REDIRECT] 
2024-09-16 09:49:55,737 [INFO] ApplicationProperties:184 - Using Application install path: C:\ST\STM32CubeIDE_1.15.1\STM32CubeIDE\plugins\com.st.stm32cube.common.mx_6.11.1.202404110753
2024-09-16 09:49:55,755 [INFO] DbMcusXml:78 - Set database path to: C:\ST\STM32CubeIDE_1.15.1\STM32CubeIDE\plugins\com.st.stm32cube.common.mx_6.11.1.202404110753\\db\/mcu/
2024-09-16 09:49:55,755 [INFO] ApiDb:274 - Set plugin database path to: C:\ST\STM32CubeIDE_1.15.1\STM32CubeIDE\plugins\com.st.stm32cube.common.mx_6.11.1.202404110753\\db\/plugins/boardmanager/
2024-09-16 09:49:55,756 [WARN] ApiDb:259 - Overriding images path with different value:  => C:\ST\STM32CubeIDE_1.15.1\STM32CubeIDE\plugins\com.st.stm32cube.common.mx_6.11.1.202404110753\\db\/plugins/mcufinder/images/
2024-09-16 09:49:55,765 [INFO] ApiDb:250 - Set database path to: C:\Users\bogdsece\.stmcufinder\plugins\mcufinder//mcu/
2024-09-16 09:49:55,766 [INFO] DbMcusAds:125 - Set database path to: C:\Users\bogdsece\.stmcufinder\plugins\mcufinder//mcu/
2024-09-16 09:49:55,772 [INFO] CrossReferenceDbSqlite:203 - Set database path to: C:\Users\bogdsece\.stmcufinder\plugins\mcufinder//mcu/cs/
2024-09-16 09:49:55,884 [INFO] RulesReader:64 - Compatibility file has been processed (297 Rules)
2024-09-16 09:49:55,994 [INFO] DbMcusXml:78 - Set database path to: C:\ST\STM32CubeIDE_1.15.1\STM32CubeIDE\plugins\com.st.stm32cube.common.mx_6.11.1.202404110753\\db\/mcu/
2024-09-16 09:49:55,994 [INFO] ApiDb:274 - Set plugin database path to: C:\ST\STM32CubeIDE_1.15.1\STM32CubeIDE\plugins\com.st.stm32cube.common.mx_6.11.1.202404110753\\db\/plugins/boardmanager/
2024-09-16 09:49:55,995 [INFO] ApiDb:261 - Set plugin images path to: C:\ST\STM32CubeIDE_1.15.1\STM32CubeIDE\plugins\com.st.stm32cube.common.mx_6.11.1.202404110753\\db\/plugins/mcufinder/images/
2024-09-16 09:49:55,995 [WARN] DbFile:41 - Overriding database path with different value: C:\Users\bogdsece\.stmcufinder\plugins\mcufinder/ => C:\Users\bogdsece\.stmcufinder\plugins\mcufinder
2024-09-16 09:49:55,995 [INFO] ApiDb:250 - Set database path to: C:\Users\bogdsece\.stmcufinder\plugins\mcufinder//mcu/
2024-09-16 09:49:55,995 [WARN] DbFile:41 - Overriding database path with different value: C:\Users\bogdsece\.stmcufinder\plugins\mcufinder/ => C:\Users\bogdsece\.stmcufinder\plugins\mcufinder
2024-09-16 09:49:55,995 [INFO] DbMcusAds:125 - Set database path to: C:\Users\bogdsece\.stmcufinder\plugins\mcufinder//mcu/
2024-09-16 09:49:55,995 [WARN] DbFile:41 - Overriding database path with different value: C:\Users\bogdsece\.stmcufinder\plugins\mcufinder/ => C:\Users\bogdsece\.stmcufinder\plugins\mcufinder
2024-09-16 09:49:55,995 [WARN] DbFile:41 - Overriding database path with different value: C:\Users\bogdsece\.stmcufinder\plugins\mcufinder/ => C:\Users\bogdsece\.stmcufinder\plugins\mcufinder
2024-09-16 09:49:56,000 [INFO] CrossReferenceDbSqlite:203 - Set database path to: C:\Users\bogdsece\.stmcufinder\plugins\mcufinder//mcu/cs/
2024-09-16 09:49:56,092 [INFO] MainPanel:264 - HeapMemory: 268435456
2024-09-16 09:49:56,177 [INFO] DbMcusXml:78 - Set database path to: C:\ST\STM32CubeIDE_1.15.1\STM32CubeIDE\plugins\com.st.stm32cube.common.mx_6.11.1.202404110753\\db\/mcu/
2024-09-16 09:49:56,177 [INFO] ApiDb:274 - Set plugin database path to: C:\ST\STM32CubeIDE_1.15.1\STM32CubeIDE\plugins\com.st.stm32cube.common.mx_6.11.1.202404110753\\db\/plugins/boardmanager/
2024-09-16 09:49:56,177 [INFO] ApiDb:261 - Set plugin images path to: C:\ST\STM32CubeIDE_1.15.1\STM32CubeIDE\plugins\com.st.stm32cube.common.mx_6.11.1.202404110753\\db\/plugins/mcufinder/images/
2024-09-16 09:49:56,177 [WARN] DbFile:41 - Overriding database path with different value: C:\Users\bogdsece\.stmcufinder\plugins\mcufinder/ => C:\Users\bogdsece\.stmcufinder\plugins\mcufinder
2024-09-16 09:49:56,177 [INFO] ApiDb:250 - Set database path to: C:\Users\bogdsece\.stmcufinder\plugins\mcufinder//mcu/
2024-09-16 09:49:56,178 [WARN] DbFile:41 - Overriding database path with different value: C:\Users\bogdsece\.stmcufinder\plugins\mcufinder/ => C:\Users\bogdsece\.stmcufinder\plugins\mcufinder
2024-09-16 09:49:56,178 [INFO] DbMcusAds:125 - Set database path to: C:\Users\bogdsece\.stmcufinder\plugins\mcufinder//mcu/
2024-09-16 09:49:56,178 [WARN] DbFile:41 - Overriding database path with different value: C:\Users\bogdsece\.stmcufinder\plugins\mcufinder/ => C:\Users\bogdsece\.stmcufinder\plugins\mcufinder
2024-09-16 09:49:56,178 [WARN] DbFile:41 - Overriding database path with different value: C:\Users\bogdsece\.stmcufinder\plugins\mcufinder/ => C:\Users\bogdsece\.stmcufinder\plugins\mcufinder
2024-09-16 09:49:56,182 [INFO] CrossReferenceDbSqlite:203 - Set database path to: C:\Users\bogdsece\.stmcufinder\plugins\mcufinder//mcu/cs/
2024-09-16 09:49:56,200 [INFO] ApplicationProperties:184 - Using Application install path: C:\ST\STM32CubeIDE_1.15.1\STM32CubeIDE\plugins\com.st.stm32cube.common.mx_6.11.1.202404110753
2024-09-16 09:49:56,201 [INFO] PluginManage:196 - Search for loadable plugins [exclusion list=, ]
2024-09-16 09:49:56,203 [INFO] PluginManage:310 - Check plugin analytics
2024-09-16 09:49:56,382 [INFO] AnalyticsPlugin:253 - Accepted Software Licenses: 
2024-09-16 09:49:56,382 [INFO] AnalyticsPlugin:255 - Accepted CMSIS Pack Licenses: 
2024-09-16 09:49:56,383 [INFO] AnalyticsPlugin:257 - Accepted Firmware Licenses: FW.F4.1.28.0
2024-09-16 09:49:56,386 [INFO] PluginManage:359 - Loaded plugin analytics (category:tool,tabindex:-1)
2024-09-16 09:49:56,386 [INFO] PluginManage:310 - Check plugin cadmodel
2024-09-16 09:49:56,392 [INFO] CADModel:105 - Init CAD model plugin
2024-09-16 09:49:56,392 [INFO] PluginManage:359 - Loaded plugin cadmodel (category:power,tabindex:5)
2024-09-16 09:49:56,392 [INFO] PluginManage:310 - Check plugin clock
2024-09-16 09:49:56,405 [INFO] PluginManage:359 - Loaded plugin clock (category:base,tabindex:2)
2024-09-16 09:49:56,406 [INFO] PluginManage:310 - Check plugin ddr
2024-09-16 09:49:56,408 [INFO] PluginManage:359 - Loaded plugin ddr (category:tool,tabindex:6)
2024-09-16 09:49:56,408 [INFO] PluginManage:310 - Check plugin filemanager
2024-09-16 09:49:56,543 [INFO] PluginManage:359 - Loaded plugin filemanager (category:base,tabindex:10)
2024-09-16 09:49:56,543 [INFO] PluginManage:310 - Check plugin ipmanager
2024-09-16 09:49:56,556 [INFO] PluginManage:359 - Loaded plugin ipmanager (category:base,tabindex:5)
2024-09-16 09:49:56,556 [INFO] PluginManage:310 - Check plugin lpbam
2024-09-16 09:49:56,581 [INFO] PluginManage:359 - Loaded plugin lpbam (category:base,tabindex:0)
2024-09-16 09:49:56,582 [INFO] PluginManage:310 - Check plugin memorymap
2024-09-16 09:49:56,599 [INFO] PluginManage:359 - Loaded plugin memorymap (category:base,tabindex:4)
2024-09-16 09:49:56,599 [INFO] PluginManage:310 - Check plugin pinoutandconfiguration
2024-09-16 09:49:56,613 [INFO] PluginManage:359 - Loaded plugin pinoutandconfiguration (category:base,tabindex:1)
2024-09-16 09:49:56,613 [INFO] PluginManage:310 - Check plugin pinoutconfig
2024-09-16 09:49:56,688 [WARN] SupportedApi:132 - Cannot load RTOS API schema: s4s-elt-must-match.1: The content of 'definitions' must match (annotation?, (simpleType | complexType)?, (unique | key | keyref)*)). A problem was found starting at: attribute.
2024-09-16 09:49:56,806 [INFO] PluginManage:359 - Loaded plugin pinoutconfig (category:base,tabindex:0)
2024-09-16 09:49:56,806 [INFO] PluginManage:310 - Check plugin power
2024-09-16 09:49:56,817 [INFO] PluginManage:359 - Loaded plugin power (category:power,tabindex:4)
2024-09-16 09:49:56,817 [INFO] PluginManage:310 - Check plugin projectmanager
2024-09-16 09:49:56,833 [INFO] PluginManage:359 - Loaded plugin projectmanager (category:projectmanager,tabindex:3)
2024-09-16 09:49:56,833 [INFO] PluginManage:310 - Check plugin thirdparty
2024-09-16 09:49:56,977 [INFO] PluginManage:359 - Loaded plugin thirdparty (category:base,tabindex:-1)
2024-09-16 09:49:56,977 [WARN] IntegrityCheckThread:84 - waiting for thirdparty lock release [integrity check]
2024-09-16 09:49:56,977 [INFO] PluginManage:310 - Check plugin tools
2024-09-16 09:49:56,977 [INFO] IntegrityCheckThread:86 - entering critical section [integrity check]
2024-09-16 09:49:56,978 [INFO] ThirdPartyUpdaterWithRetryManager:70 - Updater plugin not ready yet. [1/15]
2024-09-16 09:49:56,982 [INFO] PluginManage:359 - Loaded plugin tools (category:base,tabindex:7)
2024-09-16 09:49:56,982 [INFO] PluginManage:310 - Check plugin tutovideos
2024-09-16 09:49:57,139 [INFO] PluginManage:359 - Loaded plugin tutovideos (category:base,tabindex:-1)
2024-09-16 09:49:57,139 [INFO] PluginManage:310 - Check plugin updater
2024-09-16 09:49:57,151 [INFO] PluginManage:359 - Loaded plugin updater (category:base,tabindex:12)
2024-09-16 09:49:57,151 [INFO] PluginManage:310 - Check plugin userauth
2024-09-16 09:49:57,156 [INFO] UserAuth:114 - Init User Auth plugin
2024-09-16 09:49:57,156 [INFO] PluginManage:359 - Loaded plugin userauth (category:base,tabindex:14)
2024-09-16 09:49:57,156 [INFO] PluginManage:283 - PluginManage : Loaded plugins [17]
2024-09-16 09:49:57,397 [INFO] PinOutPanel:1561 - setPackage(No Configuration,No Configuration)
2024-09-16 09:49:57,499 [INFO] CADModel:165 - CPN selected for project level
2024-09-16 09:49:57,499 [INFO] CADModel:114 - Register for checkConnection events
2024-09-16 09:49:57,517 [INFO] IPUIPlugin:80 - create IPUIPlugin
2024-09-16 09:49:57,517 [INFO] PluginManager:220 - loadIPPluginJar : add adc
2024-09-16 09:49:57,520 [INFO] IPUIPlugin:80 - create IPUIPlugin
2024-09-16 09:49:57,520 [INFO] PluginManager:220 - loadIPPluginJar : add aes
2024-09-16 09:49:57,523 [INFO] IPUIPlugin:80 - create IPUIPlugin
2024-09-16 09:49:57,523 [INFO] PluginManager:220 - loadIPPluginJar : add can
2024-09-16 09:49:57,525 [INFO] IPUIPlugin:80 - create IPUIPlugin
2024-09-16 09:49:57,525 [INFO] PluginManager:220 - loadIPPluginJar : add comp
2024-09-16 09:49:57,529 [INFO] IPUIPlugin:80 - create IPUIPlugin
2024-09-16 09:49:57,530 [INFO] PluginManager:220 - loadIPPluginJar : add cryp
2024-09-16 09:49:57,532 [INFO] IPUIPlugin:80 - create IPUIPlugin
2024-09-16 09:49:57,532 [INFO] PluginManager:220 - loadIPPluginJar : add dfsdm
2024-09-16 09:49:57,538 [INFO] IPUIPlugin:80 - create IPUIPlugin
2024-09-16 09:49:57,539 [INFO] PluginManager:220 - loadIPPluginJar : add dma
2024-09-16 09:49:57,542 [INFO] IPUIPlugin:80 - create IPUIPlugin
2024-09-16 09:49:57,542 [INFO] PluginManager:220 - loadIPPluginJar : add dma3
2024-09-16 09:49:57,547 [INFO] IPUIPlugin:80 - create IPUIPlugin
2024-09-16 09:49:57,547 [INFO] PluginManager:220 - loadIPPluginJar : add extmemmanager
2024-09-16 09:49:57,549 [INFO] IPUIPlugin:80 - create IPUIPlugin
2024-09-16 09:49:57,549 [INFO] PluginManager:220 - loadIPPluginJar : add fatfs
2024-09-16 09:49:57,556 [INFO] IPUIPlugin:80 - create IPUIPlugin
2024-09-16 09:49:57,556 [INFO] PluginManager:220 - loadIPPluginJar : add fmc
2024-09-16 09:49:57,566 [INFO] IPUIPlugin:80 - create IPUIPlugin
2024-09-16 09:49:57,566 [INFO] PluginManager:220 - loadIPPluginJar : add freertos
2024-09-16 09:49:57,569 [INFO] IPUIPlugin:80 - create IPUIPlugin
2024-09-16 09:49:57,569 [INFO] PluginManager:220 - loadIPPluginJar : add genericplugin
2024-09-16 09:49:57,574 [INFO] IPUIPlugin:80 - create IPUIPlugin
2024-09-16 09:49:57,574 [INFO] PluginManager:220 - loadIPPluginJar : add gfxmmu
2024-09-16 09:49:57,581 [INFO] IPUIPlugin:80 - create IPUIPlugin
2024-09-16 09:49:57,581 [INFO] PluginManager:220 - loadIPPluginJar : add gic
2024-09-16 09:49:57,587 [INFO] IPUIPlugin:80 - create IPUIPlugin
2024-09-16 09:49:57,587 [INFO] PluginManager:220 - loadIPPluginJar : add gpio
2024-09-16 09:49:57,592 [INFO] IPUIPlugin:80 - create IPUIPlugin
2024-09-16 09:49:57,592 [INFO] PluginManager:220 - loadIPPluginJar : add gtzc
2024-09-16 09:49:57,596 [INFO] IPUIPlugin:80 - create IPUIPlugin
2024-09-16 09:49:57,596 [INFO] PluginManager:220 - loadIPPluginJar : add hash
2024-09-16 09:49:57,601 [INFO] IPUIPlugin:80 - create IPUIPlugin
2024-09-16 09:49:57,601 [INFO] PluginManager:220 - loadIPPluginJar : add i2c
2024-09-16 09:49:57,604 [INFO] IPUIPlugin:80 - create IPUIPlugin
2024-09-16 09:49:57,604 [INFO] PluginManager:220 - loadIPPluginJar : add i2s
2024-09-16 09:49:57,607 [INFO] IPUIPlugin:80 - create IPUIPlugin
2024-09-16 09:49:57,607 [INFO] PluginManager:220 - loadIPPluginJar : add i3c
2024-09-16 09:49:57,611 [INFO] IPUIPlugin:80 - create IPUIPlugin
2024-09-16 09:49:57,611 [INFO] PluginManager:220 - loadIPPluginJar : add ipddr
2024-09-16 09:49:57,619 [INFO] IPUIPlugin:80 - create IPUIPlugin
2024-09-16 09:49:57,619 [INFO] PluginManager:220 - loadIPPluginJar : add linkedlist
2024-09-16 09:49:57,622 [INFO] IPUIPlugin:80 - create IPUIPlugin
2024-09-16 09:49:57,623 [INFO] PluginManager:220 - loadIPPluginJar : add lorawan
2024-09-16 09:49:57,625 [INFO] IPUIPlugin:80 - create IPUIPlugin
2024-09-16 09:49:57,625 [INFO] PluginManager:220 - loadIPPluginJar : add ltdc
2024-09-16 09:49:57,633 [INFO] IPUIPlugin:80 - create IPUIPlugin
2024-09-16 09:49:57,633 [INFO] PluginManager:220 - loadIPPluginJar : add mdma
2024-09-16 09:49:57,638 [INFO] IPUIPlugin:80 - create IPUIPlugin
2024-09-16 09:49:57,638 [INFO] PluginManager:220 - loadIPPluginJar : add nvic
2024-09-16 09:49:57,642 [INFO] IPUIPlugin:80 - create IPUIPlugin
2024-09-16 09:49:57,642 [INFO] PluginManager:220 - loadIPPluginJar : add opamp
2024-09-16 09:49:57,648 [INFO] IPUIPlugin:80 - create IPUIPlugin
2024-09-16 09:49:57,649 [INFO] PluginManager:220 - loadIPPluginJar : add openamp
2024-09-16 09:49:57,652 [INFO] IPUIPlugin:80 - create IPUIPlugin
2024-09-16 09:49:57,652 [INFO] PluginManager:220 - loadIPPluginJar : add pdm2pcm
2024-09-16 09:49:57,661 [INFO] IPUIPlugin:80 - create IPUIPlugin
2024-09-16 09:49:57,666 [INFO] PluginManager:220 - loadIPPluginJar : add plateformsettings
2024-09-16 09:49:57,668 [INFO] IPUIPlugin:80 - create IPUIPlugin
2024-09-16 09:49:57,669 [INFO] PluginManager:220 - loadIPPluginJar : add quadspi
2024-09-16 09:49:57,674 [INFO] IPUIPlugin:80 - create IPUIPlugin
2024-09-16 09:49:57,674 [INFO] PluginManager:220 - loadIPPluginJar : add resmgrutility
2024-09-16 09:49:57,679 [INFO] IPUIPlugin:80 - create IPUIPlugin
2024-09-16 09:49:57,679 [INFO] PluginManager:220 - loadIPPluginJar : add sai
2024-09-16 09:49:57,683 [INFO] IPUIPlugin:80 - create IPUIPlugin
2024-09-16 09:49:57,683 [INFO] PluginManager:220 - loadIPPluginJar : add spi
2024-09-16 09:49:57,688 [INFO] IPUIPlugin:80 - create IPUIPlugin
2024-09-16 09:49:57,689 [INFO] PluginManager:220 - loadIPPluginJar : add stm32_wpan
2024-09-16 09:49:57,691 [INFO] IPUIPlugin:80 - create IPUIPlugin
2024-09-16 09:49:57,691 [INFO] PluginManager:220 - loadIPPluginJar : add tim
2024-09-16 09:49:57,695 [INFO] IPUIPlugin:80 - create IPUIPlugin
2024-09-16 09:49:57,696 [INFO] PluginManager:220 - loadIPPluginJar : add touchsensing
2024-09-16 09:49:57,699 [INFO] IPUIPlugin:80 - create IPUIPlugin
2024-09-16 09:49:57,699 [INFO] PluginManager:220 - loadIPPluginJar : add tracer_emb
2024-09-16 09:49:57,702 [INFO] IPUIPlugin:80 - create IPUIPlugin
2024-09-16 09:49:57,702 [INFO] PluginManager:220 - loadIPPluginJar : add ts
2024-09-16 09:49:57,704 [INFO] IPUIPlugin:80 - create IPUIPlugin
2024-09-16 09:49:57,705 [INFO] PluginManager:220 - loadIPPluginJar : add tsc
2024-09-16 09:49:57,707 [INFO] IPUIPlugin:80 - create IPUIPlugin
2024-09-16 09:49:57,707 [INFO] PluginManager:220 - loadIPPluginJar : add ucpd
2024-09-16 09:49:57,710 [INFO] IPUIPlugin:80 - create IPUIPlugin
2024-09-16 09:49:57,710 [INFO] PluginManager:220 - loadIPPluginJar : add usart
2024-09-16 09:49:57,715 [INFO] IPUIPlugin:80 - create IPUIPlugin
2024-09-16 09:49:57,715 [INFO] PluginManager:220 - loadIPPluginJar : add usbx
2024-09-16 09:49:57,854 [INFO] CADModel:165 - CPN selected for project level
2024-09-16 09:49:57,854 [INFO] CADModel:114 - Register for checkConnection events
2024-09-16 09:49:57,854 [FATAL] Updater:308 - Updater called before beeing initialized
2024-09-16 09:49:57,854 [ERROR] CADModel:125 - Updater not yet initialized, retry later 
2024-09-16 09:49:58,002 [INFO] CADModel:165 - CPN selected for project level
2024-09-16 09:49:58,003 [INFO] CADModel:114 - Register for checkConnection events
2024-09-16 09:49:58,003 [FATAL] Updater:308 - Updater called before beeing initialized
2024-09-16 09:49:58,003 [ERROR] CADModel:125 - Updater not yet initialized, retry later 
2024-09-16 09:49:58,006 [FATAL] Updater:308 - Updater called before beeing initialized
2024-09-16 09:49:58,145 [FATAL] Updater:308 - Updater called before beeing initialized
2024-09-16 09:49:58,151 [INFO] DbMcusAds:53 - JSON generation date=Thu May 16 12:28:00 EEST 2024 (1715851680265)
2024-09-16 09:49:58,151 [FATAL] Updater:308 - Updater called before beeing initialized
2024-09-16 09:49:58,196 [WARN] DetailPanel:346 - Failed to get advertising image, set to default
2024-09-16 09:49:58,296 [FATAL] Updater:308 - Updater called before beeing initialized
2024-09-16 09:49:58,298 [FATAL] Updater:308 - Updater called before beeing initialized
2024-09-16 09:49:58,298 [FATAL] Updater:308 - Updater called before beeing initialized
2024-09-16 09:49:58,298 [WARN] DetailPanel:346 - Failed to get advertising image, set to default
2024-09-16 09:49:58,299 [FATAL] Updater:308 - Updater called before beeing initialized
2024-09-16 09:49:58,353 [ERROR] Updater:1120 - MainUpdater not yet initialized. External WinMGr cannot be set.
2024-09-16 09:49:58,355 [INFO] Updater:1056 - Updater Version found : 6.11.1
2024-09-16 09:49:58,375 [INFO] ApplicationProperties:184 - Using Application install path: C:\ST\STM32CubeIDE_1.15.1\STM32CubeIDE\plugins\com.st.stm32cube.common.mx_6.11.1.202404110753
2024-09-16 09:49:59,959 [ERROR] LogOutputStream:75 - [STDERR_REDIRECT] Sep 16, 2024 9:49:59 AM java.util.prefs.WindowsPreferences <init>
2024-09-16 09:49:59,960 [ERROR] LogOutputStream:75 - [STDERR_REDIRECT] WARNING: Could not open/create prefs root node Software\JavaSoft\Prefs at root 0xffffffff80000002. Windows RegCreateKeyEx(...) returned error code 5.
2024-09-16 09:49:59,960 [ERROR] LogOutputStream:75 - [STDERR_REDIRECT] 
2024-09-16 09:49:59,980 [INFO] ThirdPartyUpdaterWithRetryManager:70 - Updater plugin not ready yet. [2/15]
2024-09-16 09:50:00,537 [INFO] MainUpdater:2873 - connection check result : 10
2024-09-16 09:50:00,538 [INFO] MainUpdater:290 - Updater Check For Update Now.
2024-09-16 09:50:00,538 [INFO] MicroXplorer:498 - Change Database Version : DB.6.0.111
2024-09-16 09:50:00,546 [INFO] McuFinderGlobals:63 - Set McuFinder mode to 2 (CubeIDE integrated)
2024-09-16 09:50:00,554 [INFO] UserAuth:415 - Internet connection configuration mode: 1
2024-09-16 09:50:00,578 [INFO] JxBrowserEngine:152 - Initiate JxBrowser Engine with user profile folder
2024-09-16 09:50:00,720 [INFO] CheckServerUpdateThread:120 - End of CheckServer Thread
2024-09-16 09:50:01,646 [INFO] WebApp:161 - Instantiating new browser for Auth
2024-09-16 09:50:02,316 [INFO] WebApp:779 - Register for checkConnection events
2024-09-16 09:50:02,316 [INFO] WebApp:414 - Apply proxy settings
2024-09-16 09:50:02,322 [INFO] WebApp:459 - Chromium authenticates against Manually configured proxy
2024-09-16 09:50:02,330 [INFO] WebApp:467 - Username used for proxy authentication: 
2024-09-16 09:50:02,568 [INFO] WebApp:192 - Starting web application
2024-09-16 09:50:02,568 [INFO] WebApp:544 - Web application path used C:\ST\STM32CubeIDE_1.15.1\STM32CubeIDE\plugins\com.st.stm32cube.common.mx_6.11.1.202404110753\db\plugins\mcufinder\reactClient1\index.html
2024-09-16 09:50:03,299 [WARN] PackLoader:240 - Cannot read IP mode file for STMicroelectronics.FP-SNS-MOTENVWB1.1.4.0
2024-09-16 09:50:03,311 [WARN] PackLoader:240 - Cannot read IP mode file for STMicroelectronics.X-CUBE-SMBUS.2.1.0
2024-09-16 09:50:03,319 [WARN] PackLoader:240 - Cannot read IP mode file for STMicroelectronics.X-CUBE-TOUCHGFX.4.23.2
2024-09-16 09:50:03,355 [WARN] PackLoader:240 - Cannot read IP mode file for STMicroelectronics.X-CUBE-AZRTOS-F7.1.1.0
2024-09-16 09:50:03,437 [WARN] PackLoader:240 - Cannot read IP mode file for STMicroelectronics.X-CUBE-MEMS1.11.0.0
2024-09-16 09:50:03,620 [WARN] PackLoader:240 - Cannot read IP mode file for STMicroelectronics.FP-SNS-FLIGHT1.5.0.2
2024-09-16 09:50:03,630 [WARN] PackLoader:240 - Cannot read IP mode file for STMicroelectronics.X-CUBE-DISPLAY.3.0.0
2024-09-16 09:50:03,642 [WARN] PackLoader:240 - Cannot read IP mode file for STMicroelectronics.X-CUBE-BLE1.7.0.0
2024-09-16 09:50:03,651 [WARN] PackLoader:240 - Cannot read IP mode file for emotas.I-CUBE-CANOPEN.1.3.0
2024-09-16 09:50:03,660 [WARN] PackLoader:240 - Cannot read IP mode file for STMicroelectronics.X-CUBE-BLEMGR.3.1.0
2024-09-16 09:50:03,670 [WARN] PackLoader:240 - Cannot read IP mode file for STMicroelectronics.FP-SNS-SMARTAG2.1.2.0
2024-09-16 09:50:03,682 [INFO] LogOutputStream:77 - [STDOUT_REDIRECT] 1 : Invalid condition id : UX_CORESTACK_Condition cause : null
2024-09-16 09:50:03,682 [INFO] LogOutputStream:77 - [STDOUT_REDIRECT] 1 : Invalid condition id : UX_CORESTACK_Condition cause : null
2024-09-16 09:50:03,683 [INFO] LogOutputStream:77 - [STDOUT_REDIRECT] 1 : Invalid condition id : UX_CORESTACK_Condition cause : null
2024-09-16 09:50:03,685 [INFO] LogOutputStream:77 - [STDOUT_REDIRECT] 1 : Invalid condition id : UX_CORESTACK_Condition cause : null
2024-09-16 09:50:03,686 [INFO] LogOutputStream:77 - [STDOUT_REDIRECT] 1 : Invalid condition id : UX_CORESTACK_Condition cause : null
2024-09-16 09:50:03,688 [WARN] PackLoader:240 - Cannot read IP mode file for STMicroelectronics.X-CUBE-AZRTOS-WL.2.0.0
2024-09-16 09:50:03,696 [WARN] PackLoader:240 - Cannot read IP mode file for STMicroelectronics.FP-SNS-MOTENV1.5.0.0
2024-09-16 09:50:03,702 [WARN] PackLoader:240 - Cannot read IP mode file for wolfSSL.I-CUBE-wolfMQTT.1.19.0
2024-09-16 09:50:03,711 [WARN] PackLoader:240 - Cannot read IP mode file for WES.I-CUBE-Cesium.1.3.0
2024-09-16 09:50:03,719 [WARN] PackLoader:240 - Cannot read IP mode file for STMicroelectronics.X-CUBE-BLE2.3.3.0
2024-09-16 09:50:03,726 [WARN] PackLoader:240 - Cannot read IP mode file for STMicroelectronics.X-CUBE-TCPP.4.1.0
2024-09-16 09:50:03,744 [WARN] PackLoader:240 - Cannot read IP mode file for STMicroelectronics.X-CUBE-AZRTOS-G0.1.1.0
2024-09-16 09:50:03,753 [WARN] PackLoader:240 - Cannot read IP mode file for STMicroelectronics.X-CUBE-SAFEA1.1.2.2
2024-09-16 09:50:03,761 [WARN] PackLoader:240 - Cannot read IP mode file for STMicroelectronics.X-CUBE-NFC4.3.0.0
2024-09-16 09:50:03,766 [WARN] PackLoader:240 - Cannot read IP mode file for wolfSSL.I-CUBE-wolfMQTT.1.18.0
2024-09-16 09:50:03,777 [WARN] PackLoader:240 - Cannot read IP mode file for EmbeddedOffice.I-CUBE-FS-RTOS.1.0.1
2024-09-16 09:50:03,778 [ERROR] ConditionMgr:805 - Attr not supported : Dmpu
2024-09-16 09:50:03,778 [ERROR] ConditionMgr:805 - Attr not supported : Dmpu
2024-09-16 09:50:03,779 [ERROR] ConditionMgr:805 - Attr not supported : Dmpu
2024-09-16 09:50:03,779 [ERROR] ConditionMgr:805 - Attr not supported : Dmpu
2024-09-16 09:50:03,779 [ERROR] ConditionMgr:805 - Attr not supported : Dmpu
2024-09-16 09:50:03,779 [ERROR] ConditionMgr:805 - Attr not supported : Dmpu
2024-09-16 09:50:03,779 [ERROR] ConditionMgr:805 - Attr not supported : Dmpu
2024-09-16 09:50:03,779 [ERROR] ConditionMgr:805 - Attr not supported : Dmpu
2024-09-16 09:50:03,779 [ERROR] ConditionMgr:805 - Attr not supported : Dmpu
2024-09-16 09:50:03,779 [ERROR] ConditionMgr:805 - Attr not supported : Dmpu
2024-09-16 09:50:03,779 [ERROR] ConditionMgr:805 - Attr not supported : Dmpu
2024-09-16 09:50:03,780 [ERROR] ConditionMgr:805 - Attr not supported : Dmpu
2024-09-16 09:50:03,780 [ERROR] ConditionMgr:805 - Attr not supported : Dmpu
2024-09-16 09:50:03,780 [ERROR] ConditionMgr:805 - Attr not supported : Dmpu
2024-09-16 09:50:03,780 [ERROR] ConditionMgr:805 - Attr not supported : Dmpu
2024-09-16 09:50:03,780 [ERROR] ConditionMgr:805 - Attr not supported : Dmpu
2024-09-16 09:50:03,780 [ERROR] ConditionMgr:805 - Attr not supported : Dmpu
2024-09-16 09:50:03,780 [ERROR] ConditionMgr:805 - Attr not supported : Dmpu
2024-09-16 09:50:03,780 [ERROR] ConditionMgr:805 - Attr not supported : Dmpu
2024-09-16 09:50:03,780 [ERROR] ConditionMgr:805 - Attr not supported : Dmpu
2024-09-16 09:50:03,780 [ERROR] ConditionMgr:805 - Attr not supported : Dmpu
2024-09-16 09:50:03,780 [ERROR] ConditionMgr:805 - Attr not supported : Dmpu
2024-09-16 09:50:03,780 [ERROR] ConditionMgr:805 - Attr not supported : Dmpu
2024-09-16 09:50:03,780 [ERROR] ConditionMgr:805 - Attr not supported : Dmpu
2024-09-16 09:50:03,781 [ERROR] ConditionMgr:805 - Attr not supported : Dmpu
2024-09-16 09:50:03,781 [ERROR] ConditionMgr:805 - Attr not supported : Dmpu
2024-09-16 09:50:03,781 [ERROR] ConditionMgr:805 - Attr not supported : Dmpu
2024-09-16 09:50:03,781 [ERROR] ConditionMgr:805 - Attr not supported : Dmpu
2024-09-16 09:50:03,781 [ERROR] ConditionMgr:805 - Attr not supported : Dmpu
2024-09-16 09:50:03,781 [ERROR] ConditionMgr:805 - Attr not supported : Dmpu
2024-09-16 09:50:03,781 [ERROR] ConditionMgr:805 - Attr not supported : Dmpu
2024-09-16 09:50:03,781 [ERROR] ConditionMgr:805 - Attr not supported : Dmpu
2024-09-16 09:50:03,781 [ERROR] ConditionMgr:805 - Attr not supported : Dmpu
2024-09-16 09:50:03,781 [ERROR] ConditionMgr:805 - Attr not supported : Dmpu
2024-09-16 09:50:03,781 [ERROR] ConditionMgr:805 - Attr not supported : Dmpu
2024-09-16 09:50:03,782 [ERROR] ConditionMgr:805 - Attr not supported : Dmpu
2024-09-16 09:50:03,782 [ERROR] ConditionMgr:805 - Attr not supported : Dmpu
2024-09-16 09:50:03,782 [ERROR] ConditionMgr:805 - Attr not supported : Dmpu
2024-09-16 09:50:03,782 [ERROR] ConditionMgr:805 - Attr not supported : Dmpu
2024-09-16 09:50:03,782 [ERROR] ConditionMgr:805 - Attr not supported : Dmpu
2024-09-16 09:50:03,782 [ERROR] ConditionMgr:805 - Attr not supported : Dmpu
2024-09-16 09:50:03,782 [ERROR] ConditionMgr:805 - Attr not supported : Dmpu
2024-09-16 09:50:03,782 [ERROR] ConditionMgr:805 - Attr not supported : Dmpu
2024-09-16 09:50:03,782 [ERROR] ConditionMgr:805 - Attr not supported : Dmpu
2024-09-16 09:50:03,782 [ERROR] ConditionMgr:805 - Attr not supported : Dmpu
2024-09-16 09:50:03,782 [ERROR] ConditionMgr:805 - Attr not supported : Dmpu
2024-09-16 09:50:03,783 [ERROR] ConditionMgr:805 - Attr not supported : Dmpu
2024-09-16 09:50:03,783 [ERROR] ConditionMgr:805 - Attr not supported : Dmpu
2024-09-16 09:50:03,783 [ERROR] ConditionMgr:805 - Attr not supported : Dmpu
2024-09-16 09:50:03,783 [ERROR] ConditionMgr:805 - Attr not supported : Dmpu
2024-09-16 09:50:03,783 [ERROR] ConditionMgr:805 - Attr not supported : Dmpu
2024-09-16 09:50:03,783 [ERROR] ConditionMgr:805 - Attr not supported : Dmpu
2024-09-16 09:50:03,783 [ERROR] ConditionMgr:805 - Attr not supported : Dmpu
2024-09-16 09:50:03,783 [ERROR] ConditionMgr:805 - Attr not supported : Dmpu
2024-09-16 09:50:03,783 [ERROR] ConditionMgr:805 - Attr not supported : Dmpu
2024-09-16 09:50:03,783 [ERROR] ConditionMgr:805 - Attr not supported : Dmpu
2024-09-16 09:50:03,783 [ERROR] ConditionMgr:805 - Attr not supported : Dmpu
2024-09-16 09:50:03,783 [ERROR] ConditionMgr:805 - Attr not supported : Dmpu
2024-09-16 09:50:03,783 [ERROR] ConditionMgr:805 - Attr not supported : Dmpu
2024-09-16 09:50:03,783 [ERROR] ConditionMgr:805 - Attr not supported : Dmpu
2024-09-16 09:50:03,784 [ERROR] ConditionMgr:805 - Attr not supported : Dmpu
2024-09-16 09:50:03,784 [ERROR] ConditionMgr:805 - Attr not supported : Dmpu
2024-09-16 09:50:03,784 [ERROR] ConditionMgr:805 - Attr not supported : Dmpu
2024-09-16 09:50:03,784 [ERROR] ConditionMgr:805 - Attr not supported : Dmpu
2024-09-16 09:50:03,789 [WARN] PackLoader:240 - Cannot read IP mode file for RealThread.X-CUBE-RT-Thread_Nano.4.1.1
2024-09-16 09:50:03,793 [WARN] PackLoader:240 - Cannot read IP mode file for wolfSSL.I-CUBE-wolfSSL.5.7.0
2024-09-16 09:50:03,798 [WARN] PackLoader:240 - Cannot read IP mode file for STMicroelectronics.FP-ATR-SIGFOX1.3.2.0
2024-09-16 09:50:03,804 [WARN] PackLoader:240 - Cannot read IP mode file for STMicroelectronics.X-CUBE-EEPRMA1.5.1.0
2024-09-16 09:50:03,811 [WARN] PackLoader:240 - Cannot read IP mode file for ITTIA_DB.I-CUBE-ITTIADB.8.9.0
2024-09-16 09:50:03,838 [WARN] PackLoader:240 - Cannot read IP mode file for SEGGER.I-CUBE-embOS.1.3.1
2024-09-16 09:50:03,894 [WARN] PackLoader:240 - Cannot read IP mode file for STMicroelectronics.X-CUBE-ALGOBUILD.1.4.0
2024-09-16 09:50:03,901 [WARN] PackLoader:240 - Cannot read IP mode file for STMicroelectronics.X-CUBE-GNSS1.6.0.0
2024-09-16 09:50:03,917 [WARN] PackLoader:240 - Cannot read IP mode file for STMicroelectronics.X-CUBE-AZRTOS-F4.1.1.0
2024-09-16 09:50:03,925 [WARN] PackLoader:240 - Cannot read IP mode file for STMicroelectronics.X-CUBE-FREERTOS.1.2.0
2024-09-16 09:50:03,942 [WARN] PackLoader:240 - Cannot read IP mode file for STMicroelectronics.X-CUBE-AZRTOS-L5.2.0.0
2024-09-16 09:50:03,952 [WARN] PackLoader:240 - Cannot read IP mode file for STMicroelectronics.X-CUBE-NFC6.3.1.0
2024-09-16 09:50:03,959 [WARN] PackLoader:240 - Cannot read IP mode file for STMicroelectronics.X-CUBE-DPower.1.2.0
2024-09-16 09:50:03,966 [WARN] PackLoader:240 - Cannot read IP mode file for STMicroelectronics.X-CUBE-AI.9.0.0
2024-09-16 09:50:03,972 [WARN] PackLoader:240 - Cannot read IP mode file for STMicroelectronics.X-CUBE-NFC7.1.0.1
2024-09-16 09:50:03,990 [WARN] ConditionMgr:438 - getConditionDescription Invalid condition id : LAN8742 Phy interface Condition cause : null
2024-09-16 09:50:03,991 [WARN] PackLoader:240 - Cannot read IP mode file for STMicroelectronics.X-CUBE-AZRTOS-L4.2.0.0
2024-09-16 09:50:03,993 [WARN] ConditionMgr:1039 - genDependencies : Invalid condition id : LAN8742 Phy interface Condition cause : null
2024-09-16 09:50:03,994 [WARN] ConditionMgr:1039 - genDependencies : Invalid condition id : LAN8742 Phy interface Condition cause : null
2024-09-16 09:50:03,994 [WARN] ConditionMgr:1039 - genDependencies : Invalid condition id : LAN8742 Phy interface Condition cause : null
2024-09-16 09:50:04,001 [WARN] PackLoader:240 - Cannot read IP mode file for STMicroelectronics.X-CUBE-SFXS2LP1.4.0.0
2024-09-16 09:50:04,027 [WARN] PackLoader:240 - Cannot read IP mode file for STMicroelectronics.X-CUBE-AZRTOS-H7.3.3.0
2024-09-16 09:50:04,042 [WARN] ConditionMgr:438 - getConditionDescription Invalid condition id : UX DEVICE CLASS RTOS Condition cause : null
2024-09-16 09:50:04,042 [WARN] ConditionMgr:438 - getConditionDescription Invalid condition id : UX DEVICE CLASS RTOS Condition cause : null
2024-09-16 09:50:04,045 [WARN] PackLoader:240 - Cannot read IP mode file for STMicroelectronics.X-CUBE-AZRTOS-WB.2.0.0
2024-09-16 09:50:04,046 [WARN] ConditionMgr:1039 - genDependencies : Invalid condition id : UX DEVICE CLASS RTOS Condition cause : null
2024-09-16 09:50:04,046 [WARN] ConditionMgr:1039 - genDependencies : Invalid condition id : UX DEVICE CLASS RTOS Condition cause : null
2024-09-16 09:50:04,047 [WARN] ConditionMgr:1039 - genDependencies : Invalid condition id : UX DEVICE CLASS RTOS Condition cause : null
2024-09-16 09:50:04,047 [WARN] ConditionMgr:1039 - genDependencies : Invalid condition id : UX DEVICE CLASS RTOS Condition cause : null
2024-09-16 09:50:04,047 [WARN] ConditionMgr:1039 - genDependencies : Invalid condition id : UX DEVICE CLASS RTOS Condition cause : null
2024-09-16 09:50:04,053 [WARN] PackLoader:240 - Cannot read IP mode file for STMicroelectronics.X-CUBE-GNSS1.7.0.0
2024-09-16 09:50:04,062 [WARN] PackLoader:240 - Cannot read IP mode file for STMicroelectronics.FP-SNS-STBOX1.2.0.0
2024-09-16 09:50:04,075 [WARN] PackLoader:240 - Cannot read IP mode file for STMicroelectronics.X-CUBE-SUBG2.5.0.0
2024-09-16 09:50:04,086 [WARN] PackLoader:240 - Cannot read IP mode file for Cesanta.I-CUBE-Mongoose.7.13.0
2024-09-16 09:50:04,102 [WARN] PackLoader:240 - Cannot read IP mode file for STMicroelectronics.X-CUBE-AZRTOS-G4.2.0.0
2024-09-16 09:50:04,112 [WARN] PackLoader:240 - Cannot read IP mode file for STMicroelectronics.X-CUBE-ISPU.2.0.0
2024-09-16 09:50:04,117 [WARN] PackLoader:240 - Cannot read IP mode file for STMicroelectronics.X-CUBE-ALS.1.0.2
2024-09-16 09:50:04,162 [WARN] PackLoader:240 - Cannot read IP mode file for STMicroelectronics.X-CUBE-MEMS1.10.0.0
2024-09-16 09:50:04,265 [WARN] PackLoader:240 - Cannot read IP mode file for STMicroelectronics.X-CUBE-TOUCHGFX.4.24.0
2024-09-16 09:50:04,270 [WARN] PackLoader:240 - Cannot read IP mode file for wolfSSL.I-CUBE-wolfTPM.3.4.0
2024-09-16 09:50:04,277 [WARN] PackLoader:240 - Cannot read IP mode file for portGmbH.I-Cube-SoM-uGOAL.1.1.0
2024-09-16 09:50:04,297 [WARN] PackLoader:240 - Cannot read IP mode file for STMicroelectronics.X-CUBE-AZRTOS-H7RS.1.0.0
2024-09-16 09:50:04,305 [WARN] PackLoader:240 - Cannot read IP mode file for STMicroelectronics.FP-ATR-ASTRA1.2.0.0
2024-09-16 09:50:04,318 [WARN] PackLoader:240 - Cannot read IP mode file for STMicroelectronics.X-CUBE-TOF1.3.4.2
2024-09-16 09:50:04,344 [WARN] PackLoader:240 - Cannot read IP mode file for STMicroelectronics.X-CUBE-TOF1.3.4.1
2024-09-16 09:50:04,370 [WARN] PackLoader:240 - Cannot read IP mode file for STMicroelectronics.X-CUBE-AZRTOS-H7.3.2.0
2024-09-16 09:50:04,385 [WARN] PackLoader:240 - Cannot read IP mode file for Infineon.AIROC-Wi-Fi-Bluetooth-STM32.1.6.0
2024-09-16 09:50:04,393 [WARN] PackLoader:240 - Cannot read IP mode file for wolfSSL.I-CUBE-wolfSSH.1.4.17
2024-09-16 09:50:04,394 [INFO] ThirdParty:978 - Integrity check success = true
2024-09-16 09:50:04,394 [INFO] IntegrityCheckThread:100 - exiting critical section [integrity check]
2024-09-16 09:50:04,394 [INFO] IntegrityCheckThread:103 - End integrity checks thread
2024-09-18 15:37:37,885 [INFO] Activator:176 - 


2024-09-18 15:37:37,888 [INFO] Activator:177 - !SESSION log4j initialized
2024-09-18 15:37:42,811 [INFO] LogOutputStream:77 - [STDOUT_REDIRECT] 
2024-09-18 15:37:49,495 [INFO] ApplicationProperties:184 - Using Application install path: C:\ST\STM32CubeIDE_1.15.1\STM32CubeIDE\plugins\com.st.stm32cube.common.mx_6.11.1.202404110753
2024-09-18 15:37:49,513 [INFO] DbMcusXml:78 - Set database path to: C:\ST\STM32CubeIDE_1.15.1\STM32CubeIDE\plugins\com.st.stm32cube.common.mx_6.11.1.202404110753\\db\/mcu/
2024-09-18 15:37:49,513 [INFO] ApiDb:274 - Set plugin database path to: C:\ST\STM32CubeIDE_1.15.1\STM32CubeIDE\plugins\com.st.stm32cube.common.mx_6.11.1.202404110753\\db\/plugins/boardmanager/
2024-09-18 15:37:49,514 [WARN] ApiDb:259 - Overriding images path with different value:  => C:\ST\STM32CubeIDE_1.15.1\STM32CubeIDE\plugins\com.st.stm32cube.common.mx_6.11.1.202404110753\\db\/plugins/mcufinder/images/
2024-09-18 15:37:49,520 [INFO] ApiDb:250 - Set database path to: C:\Users\bogdsece\.stmcufinder\plugins\mcufinder//mcu/
2024-09-18 15:37:49,521 [INFO] DbMcusAds:125 - Set database path to: C:\Users\bogdsece\.stmcufinder\plugins\mcufinder//mcu/
2024-09-18 15:37:49,528 [INFO] CrossReferenceDbSqlite:203 - Set database path to: C:\Users\bogdsece\.stmcufinder\plugins\mcufinder//mcu/cs/
2024-09-18 15:37:49,631 [INFO] RulesReader:64 - Compatibility file has been processed (297 Rules)
2024-09-18 15:37:49,737 [INFO] DbMcusXml:78 - Set database path to: C:\ST\STM32CubeIDE_1.15.1\STM32CubeIDE\plugins\com.st.stm32cube.common.mx_6.11.1.202404110753\\db\/mcu/
2024-09-18 15:37:49,737 [INFO] ApiDb:274 - Set plugin database path to: C:\ST\STM32CubeIDE_1.15.1\STM32CubeIDE\plugins\com.st.stm32cube.common.mx_6.11.1.202404110753\\db\/plugins/boardmanager/
2024-09-18 15:37:49,737 [INFO] ApiDb:261 - Set plugin images path to: C:\ST\STM32CubeIDE_1.15.1\STM32CubeIDE\plugins\com.st.stm32cube.common.mx_6.11.1.202404110753\\db\/plugins/mcufinder/images/
2024-09-18 15:37:49,737 [WARN] DbFile:41 - Overriding database path with different value: C:\Users\bogdsece\.stmcufinder\plugins\mcufinder/ => C:\Users\bogdsece\.stmcufinder\plugins\mcufinder
2024-09-18 15:37:49,737 [INFO] ApiDb:250 - Set database path to: C:\Users\bogdsece\.stmcufinder\plugins\mcufinder//mcu/
2024-09-18 15:37:49,738 [WARN] DbFile:41 - Overriding database path with different value: C:\Users\bogdsece\.stmcufinder\plugins\mcufinder/ => C:\Users\bogdsece\.stmcufinder\plugins\mcufinder
2024-09-18 15:37:49,738 [INFO] DbMcusAds:125 - Set database path to: C:\Users\bogdsece\.stmcufinder\plugins\mcufinder//mcu/
2024-09-18 15:37:49,738 [WARN] DbFile:41 - Overriding database path with different value: C:\Users\bogdsece\.stmcufinder\plugins\mcufinder/ => C:\Users\bogdsece\.stmcufinder\plugins\mcufinder
2024-09-18 15:37:49,738 [WARN] DbFile:41 - Overriding database path with different value: C:\Users\bogdsece\.stmcufinder\plugins\mcufinder/ => C:\Users\bogdsece\.stmcufinder\plugins\mcufinder
2024-09-18 15:37:49,742 [INFO] CrossReferenceDbSqlite:203 - Set database path to: C:\Users\bogdsece\.stmcufinder\plugins\mcufinder//mcu/cs/
2024-09-18 15:37:49,836 [INFO] MainPanel:264 - HeapMemory: 268435456
2024-09-18 15:37:49,912 [INFO] DbMcusXml:78 - Set database path to: C:\ST\STM32CubeIDE_1.15.1\STM32CubeIDE\plugins\com.st.stm32cube.common.mx_6.11.1.202404110753\\db\/mcu/
2024-09-18 15:37:49,912 [INFO] ApiDb:274 - Set plugin database path to: C:\ST\STM32CubeIDE_1.15.1\STM32CubeIDE\plugins\com.st.stm32cube.common.mx_6.11.1.202404110753\\db\/plugins/boardmanager/
2024-09-18 15:37:49,913 [INFO] ApiDb:261 - Set plugin images path to: C:\ST\STM32CubeIDE_1.15.1\STM32CubeIDE\plugins\com.st.stm32cube.common.mx_6.11.1.202404110753\\db\/plugins/mcufinder/images/
2024-09-18 15:37:49,913 [WARN] DbFile:41 - Overriding database path with different value: C:\Users\bogdsece\.stmcufinder\plugins\mcufinder/ => C:\Users\bogdsece\.stmcufinder\plugins\mcufinder
2024-09-18 15:37:49,913 [INFO] ApiDb:250 - Set database path to: C:\Users\bogdsece\.stmcufinder\plugins\mcufinder//mcu/
2024-09-18 15:37:49,913 [WARN] DbFile:41 - Overriding database path with different value: C:\Users\bogdsece\.stmcufinder\plugins\mcufinder/ => C:\Users\bogdsece\.stmcufinder\plugins\mcufinder
2024-09-18 15:37:49,913 [INFO] DbMcusAds:125 - Set database path to: C:\Users\bogdsece\.stmcufinder\plugins\mcufinder//mcu/
2024-09-18 15:37:49,913 [WARN] DbFile:41 - Overriding database path with different value: C:\Users\bogdsece\.stmcufinder\plugins\mcufinder/ => C:\Users\bogdsece\.stmcufinder\plugins\mcufinder
2024-09-18 15:37:49,913 [WARN] DbFile:41 - Overriding database path with different value: C:\Users\bogdsece\.stmcufinder\plugins\mcufinder/ => C:\Users\bogdsece\.stmcufinder\plugins\mcufinder
2024-09-18 15:37:49,918 [INFO] CrossReferenceDbSqlite:203 - Set database path to: C:\Users\bogdsece\.stmcufinder\plugins\mcufinder//mcu/cs/
2024-09-18 15:37:49,934 [INFO] ApplicationProperties:184 - Using Application install path: C:\ST\STM32CubeIDE_1.15.1\STM32CubeIDE\plugins\com.st.stm32cube.common.mx_6.11.1.202404110753
2024-09-18 15:37:49,935 [INFO] PluginManage:196 - Search for loadable plugins [exclusion list=, ]
2024-09-18 15:37:49,937 [INFO] PluginManage:310 - Check plugin analytics
2024-09-18 15:37:50,109 [INFO] AnalyticsPlugin:253 - Accepted Software Licenses: 
2024-09-18 15:37:50,109 [INFO] AnalyticsPlugin:255 - Accepted CMSIS Pack Licenses: 
2024-09-18 15:37:50,110 [INFO] AnalyticsPlugin:257 - Accepted Firmware Licenses: FW.F4.1.28.0
2024-09-18 15:37:50,113 [INFO] PluginManage:359 - Loaded plugin analytics (category:tool,tabindex:-1)
2024-09-18 15:37:50,113 [INFO] PluginManage:310 - Check plugin cadmodel
2024-09-18 15:37:50,116 [INFO] CADModel:105 - Init CAD model plugin
2024-09-18 15:37:50,116 [INFO] PluginManage:359 - Loaded plugin cadmodel (category:power,tabindex:5)
2024-09-18 15:37:50,117 [INFO] PluginManage:310 - Check plugin clock
2024-09-18 15:37:50,134 [INFO] PluginManage:359 - Loaded plugin clock (category:base,tabindex:2)
2024-09-18 15:37:50,135 [INFO] PluginManage:310 - Check plugin ddr
2024-09-18 15:37:50,142 [INFO] PluginManage:359 - Loaded plugin ddr (category:tool,tabindex:6)
2024-09-18 15:37:50,143 [INFO] PluginManage:310 - Check plugin filemanager
2024-09-18 15:37:50,497 [INFO] PluginManage:359 - Loaded plugin filemanager (category:base,tabindex:10)
2024-09-18 15:37:50,497 [INFO] PluginManage:310 - Check plugin ipmanager
2024-09-18 15:37:50,509 [INFO] PluginManage:359 - Loaded plugin ipmanager (category:base,tabindex:5)
2024-09-18 15:37:50,510 [INFO] PluginManage:310 - Check plugin lpbam
2024-09-18 15:37:50,517 [INFO] PluginManage:359 - Loaded plugin lpbam (category:base,tabindex:0)
2024-09-18 15:37:50,518 [INFO] PluginManage:310 - Check plugin memorymap
2024-09-18 15:37:50,530 [INFO] PluginManage:359 - Loaded plugin memorymap (category:base,tabindex:4)
2024-09-18 15:37:50,531 [INFO] PluginManage:310 - Check plugin pinoutandconfiguration
2024-09-18 15:37:50,539 [INFO] PluginManage:359 - Loaded plugin pinoutandconfiguration (category:base,tabindex:1)
2024-09-18 15:37:50,539 [INFO] PluginManage:310 - Check plugin pinoutconfig
2024-09-18 15:37:50,617 [WARN] SupportedApi:132 - Cannot load RTOS API schema: s4s-elt-must-match.1: The content of 'definitions' must match (annotation?, (simpleType | complexType)?, (unique | key | keyref)*)). A problem was found starting at: attribute.
2024-09-18 15:37:50,741 [INFO] PluginManage:359 - Loaded plugin pinoutconfig (category:base,tabindex:0)
2024-09-18 15:37:50,742 [INFO] PluginManage:310 - Check plugin power
2024-09-18 15:37:50,749 [INFO] PluginManage:359 - Loaded plugin power (category:power,tabindex:4)
2024-09-18 15:37:50,749 [INFO] PluginManage:310 - Check plugin projectmanager
2024-09-18 15:37:50,764 [INFO] PluginManage:359 - Loaded plugin projectmanager (category:projectmanager,tabindex:3)
2024-09-18 15:37:50,764 [INFO] PluginManage:310 - Check plugin thirdparty
2024-09-18 15:37:50,890 [INFO] PluginManage:359 - Loaded plugin thirdparty (category:base,tabindex:-1)
2024-09-18 15:37:50,890 [WARN] IntegrityCheckThread:84 - waiting for thirdparty lock release [integrity check]
2024-09-18 15:37:50,890 [INFO] PluginManage:310 - Check plugin tools
2024-09-18 15:37:50,890 [INFO] IntegrityCheckThread:86 - entering critical section [integrity check]
2024-09-18 15:37:50,891 [INFO] ThirdPartyUpdaterWithRetryManager:70 - Updater plugin not ready yet. [1/15]
2024-09-18 15:37:50,893 [INFO] PluginManage:359 - Loaded plugin tools (category:base,tabindex:7)
2024-09-18 15:37:50,893 [INFO] PluginManage:310 - Check plugin tutovideos
2024-09-18 15:37:51,042 [INFO] PluginManage:359 - Loaded plugin tutovideos (category:base,tabindex:-1)
2024-09-18 15:37:51,042 [INFO] PluginManage:310 - Check plugin updater
2024-09-18 15:37:51,049 [INFO] PluginManage:359 - Loaded plugin updater (category:base,tabindex:12)
2024-09-18 15:37:51,050 [INFO] PluginManage:310 - Check plugin userauth
2024-09-18 15:37:51,059 [INFO] UserAuth:114 - Init User Auth plugin
2024-09-18 15:37:51,059 [INFO] PluginManage:359 - Loaded plugin userauth (category:base,tabindex:14)
2024-09-18 15:37:51,059 [INFO] PluginManage:283 - PluginManage : Loaded plugins [17]
2024-09-18 15:37:51,278 [INFO] PinOutPanel:1561 - setPackage(No Configuration,No Configuration)
2024-09-18 15:37:51,361 [INFO] CADModel:165 - CPN selected for project level
2024-09-18 15:37:51,362 [INFO] CADModel:114 - Register for checkConnection events
2024-09-18 15:37:51,376 [INFO] IPUIPlugin:80 - create IPUIPlugin
2024-09-18 15:37:51,376 [INFO] PluginManager:220 - loadIPPluginJar : add adc
2024-09-18 15:37:51,379 [INFO] IPUIPlugin:80 - create IPUIPlugin
2024-09-18 15:37:51,379 [INFO] PluginManager:220 - loadIPPluginJar : add aes
2024-09-18 15:37:51,382 [INFO] IPUIPlugin:80 - create IPUIPlugin
2024-09-18 15:37:51,382 [INFO] PluginManager:220 - loadIPPluginJar : add can
2024-09-18 15:37:51,384 [INFO] IPUIPlugin:80 - create IPUIPlugin
2024-09-18 15:37:51,384 [INFO] PluginManager:220 - loadIPPluginJar : add comp
2024-09-18 15:37:51,386 [INFO] IPUIPlugin:80 - create IPUIPlugin
2024-09-18 15:37:51,387 [INFO] PluginManager:220 - loadIPPluginJar : add cryp
2024-09-18 15:37:51,390 [INFO] IPUIPlugin:80 - create IPUIPlugin
2024-09-18 15:37:51,390 [INFO] PluginManager:220 - loadIPPluginJar : add dfsdm
2024-09-18 15:37:51,395 [INFO] IPUIPlugin:80 - create IPUIPlugin
2024-09-18 15:37:51,396 [INFO] PluginManager:220 - loadIPPluginJar : add dma
2024-09-18 15:37:51,398 [INFO] IPUIPlugin:80 - create IPUIPlugin
2024-09-18 15:37:51,399 [INFO] PluginManager:220 - loadIPPluginJar : add dma3
2024-09-18 15:37:51,402 [INFO] IPUIPlugin:80 - create IPUIPlugin
2024-09-18 15:37:51,402 [INFO] PluginManager:220 - loadIPPluginJar : add extmemmanager
2024-09-18 15:37:51,403 [INFO] IPUIPlugin:80 - create IPUIPlugin
2024-09-18 15:37:51,404 [INFO] PluginManager:220 - loadIPPluginJar : add fatfs
2024-09-18 15:37:51,409 [INFO] IPUIPlugin:80 - create IPUIPlugin
2024-09-18 15:37:51,410 [INFO] PluginManager:220 - loadIPPluginJar : add fmc
2024-09-18 15:37:51,417 [INFO] IPUIPlugin:80 - create IPUIPlugin
2024-09-18 15:37:51,417 [INFO] PluginManager:220 - loadIPPluginJar : add freertos
2024-09-18 15:37:51,420 [INFO] IPUIPlugin:80 - create IPUIPlugin
2024-09-18 15:37:51,420 [INFO] PluginManager:220 - loadIPPluginJar : add genericplugin
2024-09-18 15:37:51,424 [INFO] IPUIPlugin:80 - create IPUIPlugin
2024-09-18 15:37:51,425 [INFO] PluginManager:220 - loadIPPluginJar : add gfxmmu
2024-09-18 15:37:51,430 [INFO] IPUIPlugin:80 - create IPUIPlugin
2024-09-18 15:37:51,430 [INFO] PluginManager:220 - loadIPPluginJar : add gic
2024-09-18 15:37:51,435 [INFO] IPUIPlugin:80 - create IPUIPlugin
2024-09-18 15:37:51,435 [INFO] PluginManager:220 - loadIPPluginJar : add gpio
2024-09-18 15:37:51,438 [INFO] IPUIPlugin:80 - create IPUIPlugin
2024-09-18 15:37:51,438 [INFO] PluginManager:220 - loadIPPluginJar : add gtzc
2024-09-18 15:37:51,440 [INFO] IPUIPlugin:80 - create IPUIPlugin
2024-09-18 15:37:51,441 [INFO] PluginManager:220 - loadIPPluginJar : add hash
2024-09-18 15:37:51,443 [INFO] IPUIPlugin:80 - create IPUIPlugin
2024-09-18 15:37:51,443 [INFO] PluginManager:220 - loadIPPluginJar : add i2c
2024-09-18 15:37:51,447 [INFO] IPUIPlugin:80 - create IPUIPlugin
2024-09-18 15:37:51,447 [INFO] PluginManager:220 - loadIPPluginJar : add i2s
2024-09-18 15:37:51,450 [INFO] IPUIPlugin:80 - create IPUIPlugin
2024-09-18 15:37:51,450 [INFO] PluginManager:220 - loadIPPluginJar : add i3c
2024-09-18 15:37:51,454 [INFO] IPUIPlugin:80 - create IPUIPlugin
2024-09-18 15:37:51,454 [INFO] PluginManager:220 - loadIPPluginJar : add ipddr
2024-09-18 15:37:51,461 [INFO] IPUIPlugin:80 - create IPUIPlugin
2024-09-18 15:37:51,462 [INFO] PluginManager:220 - loadIPPluginJar : add linkedlist
2024-09-18 15:37:51,464 [INFO] IPUIPlugin:80 - create IPUIPlugin
2024-09-18 15:37:51,465 [INFO] PluginManager:220 - loadIPPluginJar : add lorawan
2024-09-18 15:37:51,466 [INFO] IPUIPlugin:80 - create IPUIPlugin
2024-09-18 15:37:51,466 [INFO] PluginManager:220 - loadIPPluginJar : add ltdc
2024-09-18 15:37:51,472 [INFO] IPUIPlugin:80 - create IPUIPlugin
2024-09-18 15:37:51,472 [INFO] PluginManager:220 - loadIPPluginJar : add mdma
2024-09-18 15:37:51,476 [INFO] IPUIPlugin:80 - create IPUIPlugin
2024-09-18 15:37:51,476 [INFO] PluginManager:220 - loadIPPluginJar : add nvic
2024-09-18 15:37:51,478 [INFO] IPUIPlugin:80 - create IPUIPlugin
2024-09-18 15:37:51,479 [INFO] PluginManager:220 - loadIPPluginJar : add opamp
2024-09-18 15:37:51,481 [INFO] IPUIPlugin:80 - create IPUIPlugin
2024-09-18 15:37:51,481 [INFO] PluginManager:220 - loadIPPluginJar : add openamp
2024-09-18 15:37:51,483 [INFO] IPUIPlugin:80 - create IPUIPlugin
2024-09-18 15:37:51,484 [INFO] PluginManager:220 - loadIPPluginJar : add pdm2pcm
2024-09-18 15:37:51,489 [INFO] IPUIPlugin:80 - create IPUIPlugin
2024-09-18 15:37:51,492 [INFO] PluginManager:220 - loadIPPluginJar : add plateformsettings
2024-09-18 15:37:51,493 [INFO] IPUIPlugin:80 - create IPUIPlugin
2024-09-18 15:37:51,493 [INFO] PluginManager:220 - loadIPPluginJar : add quadspi
2024-09-18 15:37:51,496 [INFO] IPUIPlugin:80 - create IPUIPlugin
2024-09-18 15:37:51,496 [INFO] PluginManager:220 - loadIPPluginJar : add resmgrutility
2024-09-18 15:37:51,499 [INFO] IPUIPlugin:80 - create IPUIPlugin
2024-09-18 15:37:51,499 [INFO] PluginManager:220 - loadIPPluginJar : add sai
2024-09-18 15:37:51,501 [INFO] IPUIPlugin:80 - create IPUIPlugin
2024-09-18 15:37:51,502 [INFO] PluginManager:220 - loadIPPluginJar : add spi
2024-09-18 15:37:51,508 [INFO] IPUIPlugin:80 - create IPUIPlugin
2024-09-18 15:37:51,508 [INFO] PluginManager:220 - loadIPPluginJar : add stm32_wpan
2024-09-18 15:37:51,510 [INFO] IPUIPlugin:80 - create IPUIPlugin
2024-09-18 15:37:51,510 [INFO] PluginManager:220 - loadIPPluginJar : add tim
2024-09-18 15:37:51,513 [INFO] IPUIPlugin:80 - create IPUIPlugin
2024-09-18 15:37:51,514 [INFO] PluginManager:220 - loadIPPluginJar : add touchsensing
2024-09-18 15:37:51,516 [INFO] IPUIPlugin:80 - create IPUIPlugin
2024-09-18 15:37:51,516 [INFO] PluginManager:220 - loadIPPluginJar : add tracer_emb
2024-09-18 15:37:51,518 [INFO] IPUIPlugin:80 - create IPUIPlugin
2024-09-18 15:37:51,518 [INFO] PluginManager:220 - loadIPPluginJar : add ts
2024-09-18 15:37:51,520 [INFO] IPUIPlugin:80 - create IPUIPlugin
2024-09-18 15:37:51,520 [INFO] PluginManager:220 - loadIPPluginJar : add tsc
2024-09-18 15:37:51,523 [INFO] IPUIPlugin:80 - create IPUIPlugin
2024-09-18 15:37:51,523 [INFO] PluginManager:220 - loadIPPluginJar : add ucpd
2024-09-18 15:37:51,526 [INFO] IPUIPlugin:80 - create IPUIPlugin
2024-09-18 15:37:51,526 [INFO] PluginManager:220 - loadIPPluginJar : add usart
2024-09-18 15:37:51,529 [INFO] IPUIPlugin:80 - create IPUIPlugin
2024-09-18 15:37:51,529 [INFO] PluginManager:220 - loadIPPluginJar : add usbx
2024-09-18 15:37:51,665 [INFO] CADModel:165 - CPN selected for project level
2024-09-18 15:37:51,665 [INFO] CADModel:114 - Register for checkConnection events
2024-09-18 15:37:51,665 [FATAL] Updater:308 - Updater called before beeing initialized
2024-09-18 15:37:51,665 [ERROR] CADModel:125 - Updater not yet initialized, retry later 
2024-09-18 15:37:51,786 [INFO] CADModel:165 - CPN selected for project level
2024-09-18 15:37:51,786 [INFO] CADModel:114 - Register for checkConnection events
2024-09-18 15:37:51,786 [FATAL] Updater:308 - Updater called before beeing initialized
2024-09-18 15:37:51,786 [ERROR] CADModel:125 - Updater not yet initialized, retry later 
2024-09-18 15:37:51,789 [FATAL] Updater:308 - Updater called before beeing initialized
2024-09-18 15:37:51,943 [FATAL] Updater:308 - Updater called before beeing initialized
2024-09-18 15:37:51,958 [INFO] DbMcusAds:53 - JSON generation date=Thu May 16 12:28:00 EEST 2024 (1715851680265)
2024-09-18 15:37:51,958 [FATAL] Updater:308 - Updater called before beeing initialized
2024-09-18 15:37:52,010 [WARN] DetailPanel:346 - Failed to get advertising image, set to default
2024-09-18 15:37:52,160 [FATAL] Updater:308 - Updater called before beeing initialized
2024-09-18 15:37:52,161 [FATAL] Updater:308 - Updater called before beeing initialized
2024-09-18 15:37:52,162 [FATAL] Updater:308 - Updater called before beeing initialized
2024-09-18 15:37:52,162 [WARN] DetailPanel:346 - Failed to get advertising image, set to default
2024-09-18 15:37:52,163 [FATAL] Updater:308 - Updater called before beeing initialized
2024-09-18 15:37:52,227 [ERROR] Updater:1120 - MainUpdater not yet initialized. External WinMGr cannot be set.
2024-09-18 15:37:52,230 [INFO] Updater:1056 - Updater Version found : 6.11.1
2024-09-18 15:37:52,250 [INFO] ApplicationProperties:184 - Using Application install path: C:\ST\STM32CubeIDE_1.15.1\STM32CubeIDE\plugins\com.st.stm32cube.common.mx_6.11.1.202404110753
2024-09-18 15:37:53,831 [ERROR] LogOutputStream:75 - [STDERR_REDIRECT] Sep 18, 2024 3:37:53 PM java.util.prefs.WindowsPreferences <init>
2024-09-18 15:37:53,833 [ERROR] LogOutputStream:75 - [STDERR_REDIRECT] WARNING: Could not open/create prefs root node Software\JavaSoft\Prefs at root 0xffffffff80000002. Windows RegCreateKeyEx(...) returned error code 5.
2024-09-18 15:37:53,833 [ERROR] LogOutputStream:75 - [STDERR_REDIRECT] 
2024-09-18 15:37:53,892 [INFO] ThirdPartyUpdaterWithRetryManager:70 - Updater plugin not ready yet. [2/15]
2024-09-18 15:37:54,533 [INFO] MainUpdater:2873 - connection check result : 10
2024-09-18 15:37:54,533 [INFO] MainUpdater:3567 - Updater definition file requires update
2024-09-18 15:37:54,535 [INFO] MainUpdater:290 - Updater Check For Update Now.
2024-09-18 15:37:54,535 [INFO] MicroXplorer:498 - Change Database Version : DB.6.0.111
2024-09-18 15:37:54,542 [INFO] McuFinderGlobals:63 - Set McuFinder mode to 2 (CubeIDE integrated)
2024-09-18 15:37:54,549 [INFO] UserAuth:415 - Internet connection configuration mode: 1
2024-09-18 15:37:54,566 [INFO] JxBrowserEngine:152 - Initiate JxBrowser Engine with user profile folder
2024-09-18 15:37:54,780 [INFO] ServerAccessManage:473 - Download File updaters.zip
2024-09-18 15:37:54,973 [INFO] FileExtend:240 - Unzip File : updaters.zip
2024-09-18 15:37:54,973 [INFO] FileExtend:255 - Standard Zip Deflate
2024-09-18 15:37:55,674 [INFO] ServerAccessManage:473 - Download File PacksControlFlags.xml
2024-09-18 15:37:55,771 [INFO] WebApp:161 - Instantiating new browser for Auth
2024-09-18 15:37:55,869 [INFO] ServerAccessManage:473 - Download File cubemx.pidx
2024-09-18 15:37:56,888 [INFO] ServerAccessManage:473 - Download File STMicroelectronics.X-CUBE-ISPU.pdsc
2024-09-18 15:37:56,892 [WARN] MainUpdater:1194 - Updater busy. Cannot search thirdparties
2024-09-18 15:37:56,892 [INFO] ThirdPartyUpdaterWithRetryManager:96 - Updater plugin is busy. [1/15]
2024-09-18 15:37:57,032 [INFO] WebApp:779 - Register for checkConnection events
2024-09-18 15:37:57,032 [INFO] WebApp:414 - Apply proxy settings
2024-09-18 15:37:57,038 [INFO] WebApp:459 - Chromium authenticates against Manually configured proxy
2024-09-18 15:37:57,045 [INFO] WebApp:467 - Username used for proxy authentication: 
2024-09-18 15:37:57,266 [INFO] WebApp:192 - Starting web application
2024-09-18 15:37:57,266 [INFO] WebApp:544 - Web application path used C:\ST\STM32CubeIDE_1.15.1\STM32CubeIDE\plugins\com.st.stm32cube.common.mx_6.11.1.202404110753\db\plugins\mcufinder\reactClient1\index.html
2024-09-18 15:37:58,377 [WARN] PackLoader:240 - Cannot read IP mode file for STMicroelectronics.X-CUBE-ISPU.2.1.0
2024-09-18 15:37:58,381 [INFO] PopulateThirdPartyThread:66 - Ending populate Thread
2024-09-18 15:37:58,385 [INFO] ThirdParty:1030 - CMSIS Pack Vendor :STMicroelectronics X-CUBE-ISPU 2.1.0
2024-09-18 15:37:58,386 [INFO] LoadServerUpdatesThread:375 - End of LoadServerUpdate Thread
2024-09-18 15:37:58,534 [INFO] CheckServerUpdateThread:120 - End of CheckServer Thread
2024-09-18 15:38:00,207 [WARN] PackLoader:240 - Cannot read IP mode file for STMicroelectronics.FP-SNS-MOTENVWB1.1.4.0
2024-09-18 15:38:00,218 [WARN] PackLoader:240 - Cannot read IP mode file for STMicroelectronics.X-CUBE-SMBUS.2.1.0
2024-09-18 15:38:00,225 [WARN] PackLoader:240 - Cannot read IP mode file for STMicroelectronics.X-CUBE-TOUCHGFX.4.23.2
2024-09-18 15:38:00,261 [WARN] PackLoader:240 - Cannot read IP mode file for STMicroelectronics.X-CUBE-AZRTOS-F7.1.1.0
2024-09-18 15:38:00,332 [WARN] PackLoader:240 - Cannot read IP mode file for STMicroelectronics.X-CUBE-MEMS1.11.0.0
2024-09-18 15:38:00,539 [WARN] PackLoader:240 - Cannot read IP mode file for STMicroelectronics.FP-SNS-FLIGHT1.5.0.2
2024-09-18 15:38:00,551 [WARN] PackLoader:240 - Cannot read IP mode file for STMicroelectronics.X-CUBE-DISPLAY.3.0.0
2024-09-18 15:38:00,567 [WARN] PackLoader:240 - Cannot read IP mode file for STMicroelectronics.X-CUBE-BLE1.7.0.0
2024-09-18 15:38:00,576 [WARN] PackLoader:240 - Cannot read IP mode file for emotas.I-CUBE-CANOPEN.1.3.0
2024-09-18 15:38:00,588 [WARN] PackLoader:240 - Cannot read IP mode file for STMicroelectronics.X-CUBE-BLEMGR.3.1.0
2024-09-18 15:38:00,597 [WARN] PackLoader:240 - Cannot read IP mode file for STMicroelectronics.FP-SNS-SMARTAG2.1.2.0
2024-09-18 15:38:00,612 [INFO] LogOutputStream:77 - [STDOUT_REDIRECT] 1 : Invalid condition id : UX_CORESTACK_Condition cause : null
2024-09-18 15:38:00,613 [INFO] LogOutputStream:77 - [STDOUT_REDIRECT] 1 : Invalid condition id : UX_CORESTACK_Condition cause : null
2024-09-18 15:38:00,615 [INFO] LogOutputStream:77 - [STDOUT_REDIRECT] 1 : Invalid condition id : UX_CORESTACK_Condition cause : null
2024-09-18 15:38:00,618 [INFO] LogOutputStream:77 - [STDOUT_REDIRECT] 1 : Invalid condition id : UX_CORESTACK_Condition cause : null
2024-09-18 15:38:00,621 [INFO] LogOutputStream:77 - [STDOUT_REDIRECT] 1 : Invalid condition id : UX_CORESTACK_Condition cause : null
2024-09-18 15:38:00,626 [WARN] PackLoader:240 - Cannot read IP mode file for STMicroelectronics.X-CUBE-AZRTOS-WL.2.0.0
2024-09-18 15:38:00,635 [WARN] PackLoader:240 - Cannot read IP mode file for STMicroelectronics.FP-SNS-MOTENV1.5.0.0
2024-09-18 15:38:00,644 [WARN] PackLoader:240 - Cannot read IP mode file for wolfSSL.I-CUBE-wolfMQTT.1.19.0
2024-09-18 15:38:00,654 [WARN] PackLoader:240 - Cannot read IP mode file for WES.I-CUBE-Cesium.1.3.0
2024-09-18 15:38:00,662 [WARN] PackLoader:240 - Cannot read IP mode file for STMicroelectronics.X-CUBE-BLE2.3.3.0
2024-09-18 15:38:00,671 [WARN] PackLoader:240 - Cannot read IP mode file for STMicroelectronics.X-CUBE-TCPP.4.1.0
2024-09-18 15:38:00,695 [WARN] PackLoader:240 - Cannot read IP mode file for STMicroelectronics.X-CUBE-AZRTOS-G0.1.1.0
2024-09-18 15:38:00,704 [WARN] PackLoader:240 - Cannot read IP mode file for STMicroelectronics.X-CUBE-SAFEA1.1.2.2
2024-09-18 15:38:00,712 [WARN] PackLoader:240 - Cannot read IP mode file for STMicroelectronics.X-CUBE-NFC4.3.0.0
2024-09-18 15:38:00,718 [WARN] PackLoader:240 - Cannot read IP mode file for wolfSSL.I-CUBE-wolfMQTT.1.18.0
2024-09-18 15:38:00,736 [WARN] PackLoader:240 - Cannot read IP mode file for EmbeddedOffice.I-CUBE-FS-RTOS.1.0.1
2024-09-18 15:38:00,737 [ERROR] ConditionMgr:805 - Attr not supported : Dmpu
2024-09-18 15:38:00,737 [ERROR] ConditionMgr:805 - Attr not supported : Dmpu
2024-09-18 15:38:00,738 [ERROR] ConditionMgr:805 - Attr not supported : Dmpu
2024-09-18 15:38:00,738 [ERROR] ConditionMgr:805 - Attr not supported : Dmpu
2024-09-18 15:38:00,738 [ERROR] ConditionMgr:805 - Attr not supported : Dmpu
2024-09-18 15:38:00,738 [ERROR] ConditionMgr:805 - Attr not supported : Dmpu
2024-09-18 15:38:00,738 [ERROR] ConditionMgr:805 - Attr not supported : Dmpu
2024-09-18 15:38:00,738 [ERROR] ConditionMgr:805 - Attr not supported : Dmpu
2024-09-18 15:38:00,739 [ERROR] ConditionMgr:805 - Attr not supported : Dmpu
2024-09-18 15:38:00,739 [ERROR] ConditionMgr:805 - Attr not supported : Dmpu
2024-09-18 15:38:00,739 [ERROR] ConditionMgr:805 - Attr not supported : Dmpu
2024-09-18 15:38:00,739 [ERROR] ConditionMgr:805 - Attr not supported : Dmpu
2024-09-18 15:38:00,739 [ERROR] ConditionMgr:805 - Attr not supported : Dmpu
2024-09-18 15:38:00,739 [ERROR] ConditionMgr:805 - Attr not supported : Dmpu
2024-09-18 15:38:00,739 [ERROR] ConditionMgr:805 - Attr not supported : Dmpu
2024-09-18 15:38:00,739 [ERROR] ConditionMgr:805 - Attr not supported : Dmpu
2024-09-18 15:38:00,739 [ERROR] ConditionMgr:805 - Attr not supported : Dmpu
2024-09-18 15:38:00,740 [ERROR] ConditionMgr:805 - Attr not supported : Dmpu
2024-09-18 15:38:00,740 [ERROR] ConditionMgr:805 - Attr not supported : Dmpu
2024-09-18 15:38:00,740 [ERROR] ConditionMgr:805 - Attr not supported : Dmpu
2024-09-18 15:38:00,740 [ERROR] ConditionMgr:805 - Attr not supported : Dmpu
2024-09-18 15:38:00,740 [ERROR] ConditionMgr:805 - Attr not supported : Dmpu
2024-09-18 15:38:00,740 [ERROR] ConditionMgr:805 - Attr not supported : Dmpu
2024-09-18 15:38:00,740 [ERROR] ConditionMgr:805 - Attr not supported : Dmpu
2024-09-18 15:38:00,740 [ERROR] ConditionMgr:805 - Attr not supported : Dmpu
2024-09-18 15:38:00,741 [ERROR] ConditionMgr:805 - Attr not supported : Dmpu
2024-09-18 15:38:00,741 [ERROR] ConditionMgr:805 - Attr not supported : Dmpu
2024-09-18 15:38:00,741 [ERROR] ConditionMgr:805 - Attr not supported : Dmpu
2024-09-18 15:38:00,741 [ERROR] ConditionMgr:805 - Attr not supported : Dmpu
2024-09-18 15:38:00,741 [ERROR] ConditionMgr:805 - Attr not supported : Dmpu
2024-09-18 15:38:00,741 [ERROR] ConditionMgr:805 - Attr not supported : Dmpu
2024-09-18 15:38:00,741 [ERROR] ConditionMgr:805 - Attr not supported : Dmpu
2024-09-18 15:38:00,741 [ERROR] ConditionMgr:805 - Attr not supported : Dmpu
2024-09-18 15:38:00,741 [ERROR] ConditionMgr:805 - Attr not supported : Dmpu
2024-09-18 15:38:00,741 [ERROR] ConditionMgr:805 - Attr not supported : Dmpu
2024-09-18 15:38:00,742 [ERROR] ConditionMgr:805 - Attr not supported : Dmpu
2024-09-18 15:38:00,742 [ERROR] ConditionMgr:805 - Attr not supported : Dmpu
2024-09-18 15:38:00,742 [ERROR] ConditionMgr:805 - Attr not supported : Dmpu
2024-09-18 15:38:00,742 [ERROR] ConditionMgr:805 - Attr not supported : Dmpu
2024-09-18 15:38:00,742 [ERROR] ConditionMgr:805 - Attr not supported : Dmpu
2024-09-18 15:38:00,742 [ERROR] ConditionMgr:805 - Attr not supported : Dmpu
2024-09-18 15:38:00,742 [ERROR] ConditionMgr:805 - Attr not supported : Dmpu
2024-09-18 15:38:00,742 [ERROR] ConditionMgr:805 - Attr not supported : Dmpu
2024-09-18 15:38:00,742 [ERROR] ConditionMgr:805 - Attr not supported : Dmpu
2024-09-18 15:38:00,742 [ERROR] ConditionMgr:805 - Attr not supported : Dmpu
2024-09-18 15:38:00,743 [ERROR] ConditionMgr:805 - Attr not supported : Dmpu
2024-09-18 15:38:00,743 [ERROR] ConditionMgr:805 - Attr not supported : Dmpu
2024-09-18 15:38:00,743 [ERROR] ConditionMgr:805 - Attr not supported : Dmpu
2024-09-18 15:38:00,743 [ERROR] ConditionMgr:805 - Attr not supported : Dmpu
2024-09-18 15:38:00,743 [ERROR] ConditionMgr:805 - Attr not supported : Dmpu
2024-09-18 15:38:00,743 [ERROR] ConditionMgr:805 - Attr not supported : Dmpu
2024-09-18 15:38:00,743 [ERROR] ConditionMgr:805 - Attr not supported : Dmpu
2024-09-18 15:38:00,743 [ERROR] ConditionMgr:805 - Attr not supported : Dmpu
2024-09-18 15:38:00,743 [ERROR] ConditionMgr:805 - Attr not supported : Dmpu
2024-09-18 15:38:00,744 [ERROR] ConditionMgr:805 - Attr not supported : Dmpu
2024-09-18 15:38:00,744 [ERROR] ConditionMgr:805 - Attr not supported : Dmpu
2024-09-18 15:38:00,744 [ERROR] ConditionMgr:805 - Attr not supported : Dmpu
2024-09-18 15:38:00,744 [ERROR] ConditionMgr:805 - Attr not supported : Dmpu
2024-09-18 15:38:00,744 [ERROR] ConditionMgr:805 - Attr not supported : Dmpu
2024-09-18 15:38:00,744 [ERROR] ConditionMgr:805 - Attr not supported : Dmpu
2024-09-18 15:38:00,744 [ERROR] ConditionMgr:805 - Attr not supported : Dmpu
2024-09-18 15:38:00,744 [ERROR] ConditionMgr:805 - Attr not supported : Dmpu
2024-09-18 15:38:00,744 [ERROR] ConditionMgr:805 - Attr not supported : Dmpu
2024-09-18 15:38:00,745 [ERROR] ConditionMgr:805 - Attr not supported : Dmpu
2024-09-18 15:38:00,752 [WARN] PackLoader:240 - Cannot read IP mode file for RealThread.X-CUBE-RT-Thread_Nano.4.1.1
2024-09-18 15:38:00,759 [WARN] PackLoader:240 - Cannot read IP mode file for wolfSSL.I-CUBE-wolfSSL.5.7.0
2024-09-18 15:38:00,764 [WARN] PackLoader:240 - Cannot read IP mode file for STMicroelectronics.FP-ATR-SIGFOX1.3.2.0
2024-09-18 15:38:00,772 [WARN] PackLoader:240 - Cannot read IP mode file for STMicroelectronics.X-CUBE-EEPRMA1.5.1.0
2024-09-18 15:38:00,780 [WARN] PackLoader:240 - Cannot read IP mode file for ITTIA_DB.I-CUBE-ITTIADB.8.9.0
2024-09-18 15:38:00,810 [WARN] PackLoader:240 - Cannot read IP mode file for SEGGER.I-CUBE-embOS.1.3.1
2024-09-18 15:38:00,850 [WARN] PackLoader:240 - Cannot read IP mode file for STMicroelectronics.X-CUBE-ALGOBUILD.1.4.0
2024-09-18 15:38:00,859 [WARN] PackLoader:240 - Cannot read IP mode file for STMicroelectronics.X-CUBE-GNSS1.6.0.0
2024-09-18 15:38:00,884 [WARN] PackLoader:240 - Cannot read IP mode file for STMicroelectronics.X-CUBE-AZRTOS-F4.1.1.0
2024-09-18 15:38:00,897 [WARN] PackLoader:240 - Cannot read IP mode file for STMicroelectronics.X-CUBE-ISPU.2.1.0
2024-09-18 15:38:00,906 [WARN] PackLoader:240 - Cannot read IP mode file for STMicroelectronics.X-CUBE-FREERTOS.1.2.0
2024-09-18 15:38:00,925 [WARN] PackLoader:240 - Cannot read IP mode file for STMicroelectronics.X-CUBE-AZRTOS-L5.2.0.0
2024-09-18 15:38:00,941 [WARN] PackLoader:240 - Cannot read IP mode file for STMicroelectronics.X-CUBE-NFC6.3.1.0
2024-09-18 15:38:00,955 [WARN] PackLoader:240 - Cannot read IP mode file for STMicroelectronics.X-CUBE-DPower.1.2.0
2024-09-18 15:38:00,962 [WARN] PackLoader:240 - Cannot read IP mode file for STMicroelectronics.X-CUBE-AI.9.0.0
2024-09-18 15:38:00,970 [WARN] PackLoader:240 - Cannot read IP mode file for STMicroelectronics.X-CUBE-NFC7.1.0.1
2024-09-18 15:38:00,998 [WARN] ConditionMgr:438 - getConditionDescription Invalid condition id : LAN8742 Phy interface Condition cause : null
2024-09-18 15:38:00,998 [WARN] PackLoader:240 - Cannot read IP mode file for STMicroelectronics.X-CUBE-AZRTOS-L4.2.0.0
2024-09-18 15:38:01,001 [WARN] ConditionMgr:1039 - genDependencies : Invalid condition id : LAN8742 Phy interface Condition cause : null
2024-09-18 15:38:01,001 [WARN] ConditionMgr:1039 - genDependencies : Invalid condition id : LAN8742 Phy interface Condition cause : null
2024-09-18 15:38:01,002 [WARN] ConditionMgr:1039 - genDependencies : Invalid condition id : LAN8742 Phy interface Condition cause : null
2024-09-18 15:38:01,015 [WARN] PackLoader:240 - Cannot read IP mode file for STMicroelectronics.X-CUBE-SFXS2LP1.4.0.0
2024-09-18 15:38:01,040 [WARN] PackLoader:240 - Cannot read IP mode file for STMicroelectronics.X-CUBE-AZRTOS-H7.3.3.0
2024-09-18 15:38:01,061 [WARN] ConditionMgr:438 - getConditionDescription Invalid condition id : UX DEVICE CLASS RTOS Condition cause : null
2024-09-18 15:38:01,061 [WARN] ConditionMgr:438 - getConditionDescription Invalid condition id : UX DEVICE CLASS RTOS Condition cause : null
2024-09-18 15:38:01,064 [WARN] PackLoader:240 - Cannot read IP mode file for STMicroelectronics.X-CUBE-AZRTOS-WB.2.0.0
2024-09-18 15:38:01,065 [WARN] ConditionMgr:1039 - genDependencies : Invalid condition id : UX DEVICE CLASS RTOS Condition cause : null
2024-09-18 15:38:01,065 [WARN] ConditionMgr:1039 - genDependencies : Invalid condition id : UX DEVICE CLASS RTOS Condition cause : null
2024-09-18 15:38:01,066 [WARN] ConditionMgr:1039 - genDependencies : Invalid condition id : UX DEVICE CLASS RTOS Condition cause : null
2024-09-18 15:38:01,066 [WARN] ConditionMgr:1039 - genDependencies : Invalid condition id : UX DEVICE CLASS RTOS Condition cause : null
2024-09-18 15:38:01,066 [WARN] ConditionMgr:1039 - genDependencies : Invalid condition id : UX DEVICE CLASS RTOS Condition cause : null
2024-09-18 15:38:01,074 [WARN] PackLoader:240 - Cannot read IP mode file for STMicroelectronics.X-CUBE-GNSS1.7.0.0
2024-09-18 15:38:01,082 [WARN] PackLoader:240 - Cannot read IP mode file for STMicroelectronics.FP-SNS-STBOX1.2.0.0
2024-09-18 15:38:01,095 [WARN] PackLoader:240 - Cannot read IP mode file for STMicroelectronics.X-CUBE-SUBG2.5.0.0
2024-09-18 15:38:01,108 [WARN] PackLoader:240 - Cannot read IP mode file for Cesanta.I-CUBE-Mongoose.7.13.0
2024-09-18 15:38:01,123 [WARN] PackLoader:240 - Cannot read IP mode file for STMicroelectronics.X-CUBE-AZRTOS-G4.2.0.0
2024-09-18 15:38:01,131 [WARN] PackLoader:240 - Cannot read IP mode file for STMicroelectronics.X-CUBE-ISPU.2.0.0
2024-09-18 15:38:01,139 [WARN] PackLoader:240 - Cannot read IP mode file for STMicroelectronics.X-CUBE-ALS.1.0.2
2024-09-18 15:38:01,184 [WARN] PackLoader:240 - Cannot read IP mode file for STMicroelectronics.X-CUBE-MEMS1.10.0.0
2024-09-18 15:38:01,376 [WARN] PackLoader:240 - Cannot read IP mode file for STMicroelectronics.X-CUBE-TOUCHGFX.4.24.0
2024-09-18 15:38:01,382 [WARN] PackLoader:240 - Cannot read IP mode file for wolfSSL.I-CUBE-wolfTPM.3.4.0
2024-09-18 15:38:01,395 [WARN] PackLoader:240 - Cannot read IP mode file for portGmbH.I-Cube-SoM-uGOAL.1.1.0
2024-09-18 15:38:01,425 [WARN] PackLoader:240 - Cannot read IP mode file for STMicroelectronics.X-CUBE-AZRTOS-H7RS.1.0.0
2024-09-18 15:38:01,436 [WARN] PackLoader:240 - Cannot read IP mode file for STMicroelectronics.FP-ATR-ASTRA1.2.0.0
2024-09-18 15:38:01,450 [WARN] PackLoader:240 - Cannot read IP mode file for STMicroelectronics.X-CUBE-TOF1.3.4.2
2024-09-18 15:38:01,477 [WARN] PackLoader:240 - Cannot read IP mode file for STMicroelectronics.X-CUBE-TOF1.3.4.1
2024-09-18 15:38:01,514 [WARN] PackLoader:240 - Cannot read IP mode file for STMicroelectronics.X-CUBE-AZRTOS-H7.3.2.0
2024-09-18 15:38:01,533 [WARN] PackLoader:240 - Cannot read IP mode file for Infineon.AIROC-Wi-Fi-Bluetooth-STM32.1.6.0
2024-09-18 15:38:01,546 [WARN] PackLoader:240 - Cannot read IP mode file for wolfSSL.I-CUBE-wolfSSH.1.4.17
2024-09-18 15:38:01,547 [INFO] ThirdParty:978 - Integrity check success = true
2024-09-18 15:38:01,547 [INFO] IntegrityCheckThread:100 - exiting critical section [integrity check]
2024-09-18 15:38:01,547 [INFO] IntegrityCheckThread:103 - End integrity checks thread
