2024-05-31 11:06:16,076 [INFO] NvicIntPanel:101 - NVIC parent = com.st.microxplorer.plugins.ip.nvic.MultiNvicIntPanel[,0,0,0x0,invalid,layout=javax.swing.BoxLayout,alignmentX=0.0,alignmentY=0.0,border=,flags=9,maximumSize=,minimumSize=,preferredSize=]
2024-05-31 11:06:44,219 [INFO] CheckServerUpdateThread:120 - End of CheckServer Thread
2024-05-31 11:10:32,551 [INFO] NvicIntPanel:101 - NVIC parent = com.st.microxplorer.plugins.ip.nvic.MultiNvicIntPanel[,0,0,0x0,invalid,layout=javax.swing.BoxLayout,alignmentX=0.0,alignmentY=0.0,border=,flags=9,maximumSize=,minimumSize=,preferredSize=]
2024-05-31 11:10:34,500 [INFO] NvicIntPanel:101 - NVIC parent = com.st.microxplorer.plugins.ip.nvic.MultiNvicIntPanel[,0,0,0x0,invalid,layout=javax.swing.BoxLayout,alignmentX=0.0,alignmentY=0.0,border=,flags=9,maximumSize=,minimumSize=,preferredSize=]
2024-05-31 11:10:49,936 [INFO] NvicIntPanel:101 - NVIC parent = com.st.microxplorer.plugins.ip.nvic.MultiNvicIntPanel[,0,0,0x0,invalid,layout=javax.swing.BoxLayout,alignmentX=0.0,alignmentY=0.0,border=,flags=9,maximumSize=,minimumSize=,preferredSize=]
2024-05-31 11:11:01,787 [INFO] NvicIntPanel:101 - NVIC parent = com.st.microxplorer.plugins.ip.nvic.MultiNvicIntPanel[,0,0,0x0,invalid,layout=javax.swing.BoxLayout,alignmentX=0.0,alignmentY=0.0,border=,flags=9,maximumSize=,minimumSize=,preferredSize=]
2024-05-31 11:11:01,880 [INFO] NvicIntPanel:101 - NVIC parent = com.st.microxplorer.plugins.ip.nvic.MultiNvicIntPanel[,0,0,0x0,invalid,layout=javax.swing.BoxLayout,alignmentX=0.0,alignmentY=0.0,border=,flags=9,maximumSize=,minimumSize=,preferredSize=]
2024-05-31 11:14:13,503 [INFO] NvicIntPanel:101 - NVIC parent = com.st.microxplorer.plugins.ip.nvic.MultiNvicIntPanel[,0,0,0x0,invalid,layout=javax.swing.BoxLayout,alignmentX=0.0,alignmentY=0.0,border=,flags=9,maximumSize=,minimumSize=,preferredSize=]
2024-05-31 11:14:57,878 [INFO] Gpio:277 - dependency for GPIO [RCC, SYS, USART2]
2024-05-31 11:18:30,518 [INFO] UtilMem:75 - End SaveConfig() Used Memory: 515019192 Bytes (912261120)
2024-05-31 11:18:31,742 [INFO] UtilMem:75 - End SaveConfig() Used Memory: 546769896 Bytes (912261120)
2024-05-31 11:18:40,084 [INFO] UtilMem:75 - End SaveConfig() Used Memory: 703762872 Bytes (912261120)
2024-05-31 11:18:40,308 [INFO] BlockDiagram:2759 - set Specific Code input for plugin: SYS
2024-05-31 11:18:40,308 [INFO] BlockDiagram:2759 - set Specific Code input for plugin: RCC
2024-05-31 11:18:40,308 [INFO] BlockDiagram:2759 - set Specific Code input for plugin: NVIC
2024-05-31 11:18:40,308 [INFO] BlockDiagram:2759 - set Specific Code input for plugin: USART
2024-05-31 11:18:40,308 [INFO] BlockDiagram:2759 - set Specific Code input for plugin: GPIO
2024-05-31 11:18:40,308 [INFO] CodeGenerator:807 - code generatio: config db path: C:\ST\STM32CubeIDE_1.15.1\STM32CubeIDE\plugins\com.st.stm32cube.common.mx_6.11.1.202404110753\\db\
2024-05-31 11:18:40,470 [INFO] CodeEngine:255 - oldGeneratedFile, C:\_mygit\STM32_Projects\STM32_Nucleo-64\RFID_ReadWrite2\MXTmpFiles\license.tmp_save
2024-05-31 11:18:40,567 [INFO] CodeEngine:279 - Generated code: C:\_mygit\STM32_Projects\STM32_Nucleo-64\RFID_ReadWrite2\MXTmpFiles\license.tmp
2024-05-31 11:18:40,593 [INFO] CodeEngine:255 - oldGeneratedFile, C:\_mygit\STM32_Projects\STM32_Nucleo-64\RFID_ReadWrite2\MXTmpFiles\gpio.tmp_save
2024-05-31 11:18:40,669 [INFO] CodeEngine:279 - Generated code: C:\_mygit\STM32_Projects\STM32_Nucleo-64\RFID_ReadWrite2\MXTmpFiles\gpio.tmp
2024-05-31 11:18:40,751 [INFO] CodeEngine:255 - oldGeneratedFile, C:\_mygit\STM32_Projects\STM32_Nucleo-64\RFID_ReadWrite2\Core\Src\stm32f4xx_it.c_save
2024-05-31 11:18:40,954 [INFO] CodeEngine:279 - Generated code: C:\_mygit\STM32_Projects\STM32_Nucleo-64\RFID_ReadWrite2\Core\Src\stm32f4xx_it.c
2024-05-31 11:18:40,965 [INFO] CodeEngine:255 - oldGeneratedFile, C:\_mygit\STM32_Projects\STM32_Nucleo-64\RFID_ReadWrite2\Core\Inc\stm32f4xx_it.h_save
2024-05-31 11:18:41,032 [INFO] CodeEngine:279 - Generated code: C:\_mygit\STM32_Projects\STM32_Nucleo-64\RFID_ReadWrite2\Core\Inc\stm32f4xx_it.h
2024-05-31 11:18:41,061 [INFO] CodeEngine:255 - oldGeneratedFile, C:\_mygit\STM32_Projects\STM32_Nucleo-64\RFID_ReadWrite2\Core\Src\stm32f4xx_hal_msp.c_save
2024-05-31 11:18:41,160 [INFO] CodeEngine:279 - Generated code: C:\_mygit\STM32_Projects\STM32_Nucleo-64\RFID_ReadWrite2\Core\Src\stm32f4xx_hal_msp.c
2024-05-31 11:18:41,168 [INFO] CodeEngine:255 - oldGeneratedFile, C:\_mygit\STM32_Projects\STM32_Nucleo-64\RFID_ReadWrite2\MXTmpFiles\system.tmp_save
2024-05-31 11:18:41,221 [INFO] CodeEngine:279 - Generated code: C:\_mygit\STM32_Projects\STM32_Nucleo-64\RFID_ReadWrite2\MXTmpFiles\system.tmp
2024-05-31 11:18:41,240 [INFO] CodeEngine:311 - oldGeneratedFile, C:\_mygit\STM32_Projects\STM32_Nucleo-64\RFID_ReadWrite2\Core\Inc\stm32f4xx_hal_conf.h_save
2024-05-31 11:18:41,312 [INFO] CodeEngine:335 - Generated code: C:\_mygit\STM32_Projects\STM32_Nucleo-64\RFID_ReadWrite2\Core\Inc\stm32f4xx_hal_conf.h
2024-05-31 11:18:41,333 [WARN] IPConfigManager:2982 - Warning: the RefConfig PLL2P_FOR_MCO is not available in your config.xml file
2024-05-31 11:18:41,354 [INFO] CodeEngine:255 - oldGeneratedFile, C:\_mygit\STM32_Projects\STM32_Nucleo-64\RFID_ReadWrite2\Core\Inc\main.h_save
2024-05-31 11:18:41,422 [INFO] CodeEngine:279 - Generated code: C:\_mygit\STM32_Projects\STM32_Nucleo-64\RFID_ReadWrite2\Core\Inc\main.h
2024-05-31 11:18:41,434 [INFO] CodeEngine:255 - oldGeneratedFile, C:\_mygit\STM32_Projects\STM32_Nucleo-64\RFID_ReadWrite2\Core\Src\main.c_save
2024-05-31 11:18:41,527 [INFO] CodeEngine:279 - Generated code: C:\_mygit\STM32_Projects\STM32_Nucleo-64\RFID_ReadWrite2\Core\Src\main.c
2024-05-31 11:18:41,674 [INFO] ProjectBuilder:3163 - Time for Copy HAL[2] : 0mS.
2024-05-31 11:18:41,690 [INFO] ProjectBuilder:4736 - Project Generator version: 4.3.0-B58
2024-05-31 11:18:41,759 [INFO] ConfigFileManager:1503 - The Die is : DIE421
2024-05-31 11:18:42,835 [INFO] ProjectBuilder:5002 - Time for Generating toolchain IDE Files: 1145mS.
2024-05-31 11:18:42,836 [INFO] ProjectBuilder:3034 - Time for Copy CMSIS : 0mS.
2024-05-31 11:18:42,839 [INFO] ProjectBuilder:3034 - Time for Copy CMSIS : 0mS.
2024-05-31 11:19:25,781 [INFO] NvicIntPanel:101 - NVIC parent = com.st.microxplorer.plugins.ip.nvic.MultiNvicIntPanel[,0,0,762x763,layout=javax.swing.BoxLayout,alignmentX=0.0,alignmentY=0.0,border=,flags=9,maximumSize=,minimumSize=,preferredSize=]
2024-05-31 11:19:34,053 [INFO] NvicIntPanel:101 - NVIC parent = com.st.microxplorer.plugins.ip.nvic.MultiNvicIntPanel[,0,0,0x0,invalid,layout=javax.swing.BoxLayout,alignmentX=0.0,alignmentY=0.0,border=,flags=9,maximumSize=,minimumSize=,preferredSize=]
2024-05-31 11:22:47,337 [INFO] UtilMem:75 - End SaveConfig() Used Memory: 486913536 Bytes (924844032)
2024-05-31 11:22:49,058 [INFO] UtilMem:75 - End SaveConfig() Used Memory: 317651408 Bytes (924844032)
2024-05-31 11:22:51,913 [INFO] UtilMem:75 - End SaveConfig() Used Memory: 509540816 Bytes (924844032)
2024-05-31 11:22:52,215 [INFO] BlockDiagram:2759 - set Specific Code input for plugin: SYS
2024-05-31 11:22:52,215 [INFO] BlockDiagram:2759 - set Specific Code input for plugin: RCC
2024-05-31 11:22:52,215 [INFO] BlockDiagram:2759 - set Specific Code input for plugin: NVIC
2024-05-31 11:22:52,215 [INFO] BlockDiagram:2759 - set Specific Code input for plugin: USART
2024-05-31 11:22:52,215 [INFO] BlockDiagram:2759 - set Specific Code input for plugin: USART
2024-05-31 11:22:52,216 [INFO] BlockDiagram:2759 - set Specific Code input for plugin: GPIO
2024-05-31 11:22:52,217 [INFO] CodeGenerator:807 - code generatio: config db path: C:\ST\STM32CubeIDE_1.15.1\STM32CubeIDE\plugins\com.st.stm32cube.common.mx_6.11.1.202404110753\\db\
2024-05-31 11:22:52,313 [INFO] CodeEngine:255 - oldGeneratedFile, C:\_mygit\STM32_Projects\STM32_Nucleo-64\RFID_ReadWrite2\MXTmpFiles\license.tmp_save
2024-05-31 11:22:52,365 [INFO] CodeEngine:279 - Generated code: C:\_mygit\STM32_Projects\STM32_Nucleo-64\RFID_ReadWrite2\MXTmpFiles\license.tmp
2024-05-31 11:22:52,386 [INFO] CodeEngine:255 - oldGeneratedFile, C:\_mygit\STM32_Projects\STM32_Nucleo-64\RFID_ReadWrite2\MXTmpFiles\gpio.tmp_save
2024-05-31 11:22:52,437 [INFO] CodeEngine:279 - Generated code: C:\_mygit\STM32_Projects\STM32_Nucleo-64\RFID_ReadWrite2\MXTmpFiles\gpio.tmp
2024-05-31 11:22:52,505 [INFO] CodeEngine:255 - oldGeneratedFile, C:\_mygit\STM32_Projects\STM32_Nucleo-64\RFID_ReadWrite2\Core\Src\stm32f4xx_it.c_save
2024-05-31 11:22:52,571 [INFO] CodeEngine:279 - Generated code: C:\_mygit\STM32_Projects\STM32_Nucleo-64\RFID_ReadWrite2\Core\Src\stm32f4xx_it.c
2024-05-31 11:22:52,580 [INFO] CodeEngine:255 - oldGeneratedFile, C:\_mygit\STM32_Projects\STM32_Nucleo-64\RFID_ReadWrite2\Core\Inc\stm32f4xx_it.h_save
2024-05-31 11:22:52,646 [INFO] CodeEngine:279 - Generated code: C:\_mygit\STM32_Projects\STM32_Nucleo-64\RFID_ReadWrite2\Core\Inc\stm32f4xx_it.h
2024-05-31 11:22:52,669 [INFO] CodeEngine:255 - oldGeneratedFile, C:\_mygit\STM32_Projects\STM32_Nucleo-64\RFID_ReadWrite2\Core\Src\stm32f4xx_hal_msp.c_save
2024-05-31 11:22:52,752 [INFO] CodeEngine:279 - Generated code: C:\_mygit\STM32_Projects\STM32_Nucleo-64\RFID_ReadWrite2\Core\Src\stm32f4xx_hal_msp.c
2024-05-31 11:22:52,758 [INFO] CodeEngine:255 - oldGeneratedFile, C:\_mygit\STM32_Projects\STM32_Nucleo-64\RFID_ReadWrite2\MXTmpFiles\system.tmp_save
2024-05-31 11:22:52,807 [INFO] CodeEngine:279 - Generated code: C:\_mygit\STM32_Projects\STM32_Nucleo-64\RFID_ReadWrite2\MXTmpFiles\system.tmp
2024-05-31 11:22:52,825 [INFO] CodeEngine:311 - oldGeneratedFile, C:\_mygit\STM32_Projects\STM32_Nucleo-64\RFID_ReadWrite2\Core\Inc\stm32f4xx_hal_conf.h_save
2024-05-31 11:22:52,889 [INFO] CodeEngine:335 - Generated code: C:\_mygit\STM32_Projects\STM32_Nucleo-64\RFID_ReadWrite2\Core\Inc\stm32f4xx_hal_conf.h
2024-05-31 11:22:52,908 [WARN] IPConfigManager:2982 - Warning: the RefConfig PLL2P_FOR_MCO is not available in your config.xml file
2024-05-31 11:22:52,926 [INFO] CodeEngine:255 - oldGeneratedFile, C:\_mygit\STM32_Projects\STM32_Nucleo-64\RFID_ReadWrite2\Core\Inc\main.h_save
2024-05-31 11:22:52,986 [INFO] CodeEngine:279 - Generated code: C:\_mygit\STM32_Projects\STM32_Nucleo-64\RFID_ReadWrite2\Core\Inc\main.h
2024-05-31 11:22:52,999 [INFO] CodeEngine:255 - oldGeneratedFile, C:\_mygit\STM32_Projects\STM32_Nucleo-64\RFID_ReadWrite2\Core\Src\main.c_save
2024-05-31 11:22:53,092 [INFO] CodeEngine:279 - Generated code: C:\_mygit\STM32_Projects\STM32_Nucleo-64\RFID_ReadWrite2\Core\Src\main.c
2024-05-31 11:22:53,258 [INFO] ProjectBuilder:3163 - Time for Copy HAL[2] : 1mS.
2024-05-31 11:22:53,262 [INFO] ProjectBuilder:4736 - Project Generator version: 4.3.0-B58
2024-05-31 11:22:53,340 [INFO] ConfigFileManager:1503 - The Die is : DIE421
2024-05-31 11:22:54,221 [INFO] ProjectBuilder:5002 - Time for Generating toolchain IDE Files: 959mS.
2024-05-31 11:22:54,222 [INFO] ProjectBuilder:3034 - Time for Copy CMSIS : 0mS.
2024-05-31 11:22:54,225 [INFO] ProjectBuilder:3034 - Time for Copy CMSIS : 0mS.
2024-05-31 11:50:40,733 [ERROR] ConfigurationRetriever:142 - IOException on connection: Read timed out
2024-05-31 11:51:43,242 [INFO] LogOutputStream:77 - [STDOUT_REDIRECT] StartTraceHandler.execute(), success : Collect=true
2024-05-31 11:51:45,483 [INFO] LogOutputStream:77 - [STDOUT_REDIRECT] StartTraceHandler.execute(), success : Collect=false
2024-05-31 11:51:47,926 [INFO] LogOutputStream:77 - [STDOUT_REDIRECT] StartTraceHandler.execute(), success : Collect=true
2024-05-31 11:51:53,278 [INFO] LogOutputStream:77 - [STDOUT_REDIRECT] StartTraceHandler.execute(), success : Collect=false
2024-05-31 11:51:56,655 [INFO] LogOutputStream:77 - [STDOUT_REDIRECT] StartTraceHandler.execute(), success : Collect=true
2024-05-31 11:53:43,595 [INFO] LogOutputStream:77 - [STDOUT_REDIRECT] StartTraceHandler.execute(), success : Collect=false
2024-05-31 11:53:52,625 [INFO] LogOutputStream:77 - [STDOUT_REDIRECT] StartTraceHandler.execute(), success : Collect=true
2024-05-31 11:53:56,534 [INFO] LogOutputStream:77 - [STDOUT_REDIRECT] StartTraceHandler.execute(), success : Collect=false
2024-05-31 11:54:01,960 [INFO] LogOutputStream:77 - [STDOUT_REDIRECT] StartTraceHandler.execute(), success : Collect=true
2024-05-31 16:22:35,172 [INFO] NvicIntPanel:101 - NVIC parent = com.st.microxplorer.plugins.ip.nvic.MultiNvicIntPanel[,0,0,762x625,layout=javax.swing.BoxLayout,alignmentX=0.0,alignmentY=0.0,border=,flags=9,maximumSize=,minimumSize=,preferredSize=]
2024-05-31 17:05:29,115 [ERROR] ConfigurationRetriever:142 - IOException on connection: Read timed out
2024-05-31 17:10:54,293 [ERROR] ConfigurationRetriever:142 - IOException on connection: Read timed out
2024-05-31 17:12:20,676 [INFO] UtilMem:75 - End SaveConfig() Used Memory: 720467176 Bytes (924844032)
2024-05-31 17:12:55,121 [INFO] NvicIntPanel:101 - NVIC parent = com.st.microxplorer.plugins.ip.nvic.MultiNvicIntPanel[,0,0,762x625,layout=javax.swing.BoxLayout,alignmentX=0.0,alignmentY=0.0,border=,flags=9,maximumSize=,minimumSize=,preferredSize=]
2024-05-31 17:13:25,226 [INFO] NvicIntPanel:101 - NVIC parent = com.st.microxplorer.plugins.ip.nvic.MultiNvicIntPanel[,0,0,0x0,invalid,layout=javax.swing.BoxLayout,alignmentX=0.0,alignmentY=0.0,border=,flags=9,maximumSize=,minimumSize=,preferredSize=]
2024-05-31 17:13:25,448 [ERROR] LogOutputStream:75 - [STDERR_REDIRECT] Exception in thread "AWT-EventQueue-0" java.lang.IndexOutOfBoundsException: Index 0 out of bounds for length 0
2024-05-31 17:13:25,449 [ERROR] LogOutputStream:75 - [STDERR_REDIRECT] 	at java.base/jdk.internal.util.Preconditions.outOfBounds(Preconditions.java:64)
2024-05-31 17:13:25,450 [ERROR] LogOutputStream:75 - [STDERR_REDIRECT] 	at java.base/jdk.internal.util.Preconditions.outOfBoundsCheckIndex(Preconditions.java:70)
2024-05-31 17:13:25,451 [ERROR] LogOutputStream:75 - [STDERR_REDIRECT] 	at java.base/jdk.internal.util.Preconditions.checkIndex(Preconditions.java:266)
2024-05-31 17:13:25,452 [ERROR] LogOutputStream:75 - [STDERR_REDIRECT] 	at java.base/java.util.Objects.checkIndex(Objects.java:361)
2024-05-31 17:13:25,453 [ERROR] LogOutputStream:75 - [STDERR_REDIRECT] 	at java.base/java.util.ArrayList.get(ArrayList.java:427)
2024-05-31 17:13:25,454 [ERROR] LogOutputStream:75 - [STDERR_REDIRECT] 	at com.st.microxplorer.plugins.ip.gpio.model.IPTab.checkCommonParams(IPTab.java:128)
2024-05-31 17:13:25,455 [ERROR] LogOutputStream:75 - [STDERR_REDIRECT] 	at com.st.microxplorer.plugins.ip.gpio.gui.GpioTablePanel.propertyChange(GpioTablePanel.java:485)
2024-05-31 17:13:25,456 [ERROR] LogOutputStream:75 - [STDERR_REDIRECT] 	at java.desktop/java.beans.PropertyChangeSupport.fire(PropertyChangeSupport.java:343)
2024-05-31 17:13:25,457 [ERROR] LogOutputStream:75 - [STDERR_REDIRECT] 	at java.desktop/java.beans.PropertyChangeSupport.firePropertyChange(PropertyChangeSupport.java:335)
2024-05-31 17:13:25,458 [ERROR] LogOutputStream:75 - [STDERR_REDIRECT] 	at com.st.microxplorer.mxsystem.MxSystem.propertyChange(MxSystem.java:474)
2024-05-31 17:13:25,459 [ERROR] LogOutputStream:75 - [STDERR_REDIRECT] 	at java.desktop/java.beans.PropertyChangeSupport.fire(PropertyChangeSupport.java:343)
2024-05-31 17:13:25,460 [ERROR] LogOutputStream:75 - [STDERR_REDIRECT] 	at java.desktop/java.beans.PropertyChangeSupport.firePropertyChange(PropertyChangeSupport.java:335)
2024-05-31 17:13:25,461 [ERROR] LogOutputStream:75 - [STDERR_REDIRECT] 	at com.st.microxplorer.util.MXPropertyChangeSupport.refreshing(MXPropertyChangeSupport.java:72)
2024-05-31 17:13:25,462 [ERROR] LogOutputStream:75 - [STDERR_REDIRECT] 	at com.st.microxplorer.mcu.Mcu.refreshingMcu(Mcu.java:6031)
2024-05-31 17:13:25,462 [ERROR] LogOutputStream:75 - [STDERR_REDIRECT] 	at com.st.microxplorer.mxsystem.MxSystem.refreshing(MxSystem.java:922)
2024-05-31 17:13:25,464 [ERROR] LogOutputStream:75 - [STDERR_REDIRECT] 	at com.st.microxplorer.plugins.ipmanager.generictreatment.gui.MainPanel.MainPanelActionRestorePerformed(MainPanel.java:871)
2024-05-31 17:13:25,465 [ERROR] LogOutputStream:75 - [STDERR_REDIRECT] 	at com.st.microxplorer.plugins.ipmanager.generictreatment.gui.MainPanel$2.actionPerformed(MainPanel.java:910)
2024-05-31 17:13:25,466 [ERROR] LogOutputStream:75 - [STDERR_REDIRECT] 	at java.desktop/javax.swing.AbstractButton.fireActionPerformed(AbstractButton.java:1972)
2024-05-31 17:13:25,467 [ERROR] LogOutputStream:75 - [STDERR_REDIRECT] 	at java.desktop/javax.swing.AbstractButton$Handler.actionPerformed(AbstractButton.java:2313)
2024-05-31 17:13:25,468 [ERROR] LogOutputStream:75 - [STDERR_REDIRECT] 	at java.desktop/javax.swing.DefaultButtonModel.fireActionPerformed(DefaultButtonModel.java:405)
2024-05-31 17:13:25,469 [ERROR] LogOutputStream:75 - [STDERR_REDIRECT] 	at java.desktop/javax.swing.DefaultButtonModel.setPressed(DefaultButtonModel.java:262)
2024-05-31 17:13:25,470 [ERROR] LogOutputStream:75 - [STDERR_REDIRECT] 	at java.desktop/javax.swing.plaf.basic.BasicButtonListener.mouseReleased(BasicButtonListener.java:279)
2024-05-31 17:13:25,471 [ERROR] LogOutputStream:75 - [STDERR_REDIRECT] 	at java.desktop/java.awt.AWTEventMulticaster.mouseReleased(AWTEventMulticaster.java:297)
2024-05-31 17:13:25,472 [ERROR] LogOutputStream:75 - [STDERR_REDIRECT] 	at java.desktop/java.awt.Component.processMouseEvent(Component.java:6626)
2024-05-31 17:13:25,473 [ERROR] LogOutputStream:75 - [STDERR_REDIRECT] 	at java.desktop/javax.swing.JComponent.processMouseEvent(JComponent.java:3389)
2024-05-31 17:13:25,474 [ERROR] LogOutputStream:75 - [STDERR_REDIRECT] 	at java.desktop/java.awt.Component.processEvent(Component.java:6391)
2024-05-31 17:13:25,474 [ERROR] LogOutputStream:75 - [STDERR_REDIRECT] 	at java.desktop/java.awt.Container.processEvent(Container.java:2266)
2024-05-31 17:13:25,475 [ERROR] LogOutputStream:75 - [STDERR_REDIRECT] 	at java.desktop/java.awt.Component.dispatchEventImpl(Component.java:5001)
2024-05-31 17:13:25,476 [ERROR] LogOutputStream:75 - [STDERR_REDIRECT] 	at java.desktop/java.awt.Container.dispatchEventImpl(Container.java:2324)
2024-05-31 17:13:25,477 [ERROR] LogOutputStream:75 - [STDERR_REDIRECT] 	at java.desktop/java.awt.Component.dispatchEvent(Component.java:4833)
2024-05-31 17:13:25,478 [ERROR] LogOutputStream:75 - [STDERR_REDIRECT] 	at java.desktop/java.awt.LightweightDispatcher.retargetMouseEvent(Container.java:4948)
2024-05-31 17:13:25,479 [ERROR] LogOutputStream:75 - [STDERR_REDIRECT] 	at java.desktop/java.awt.LightweightDispatcher.processMouseEvent(Container.java:4575)
2024-05-31 17:13:25,480 [ERROR] LogOutputStream:75 - [STDERR_REDIRECT] 	at java.desktop/java.awt.LightweightDispatcher.dispatchEvent(Container.java:4516)
2024-05-31 17:13:25,480 [ERROR] LogOutputStream:75 - [STDERR_REDIRECT] 	at java.desktop/java.awt.Container.dispatchEventImpl(Container.java:2310)
2024-05-31 17:13:25,481 [ERROR] LogOutputStream:75 - [STDERR_REDIRECT] 	at java.desktop/java.awt.Component.dispatchEvent(Component.java:4833)
2024-05-31 17:13:25,482 [ERROR] LogOutputStream:75 - [STDERR_REDIRECT] 	at java.desktop/java.awt.EventQueue.dispatchEventImpl(EventQueue.java:775)
2024-05-31 17:13:25,483 [ERROR] LogOutputStream:75 - [STDERR_REDIRECT] 	at java.desktop/java.awt.EventQueue$4.run(EventQueue.java:720)
2024-05-31 17:13:25,484 [ERROR] LogOutputStream:75 - [STDERR_REDIRECT] 	at java.desktop/java.awt.EventQueue$4.run(EventQueue.java:714)
2024-05-31 17:13:25,485 [ERROR] LogOutputStream:75 - [STDERR_REDIRECT] 	at java.base/java.security.AccessController.doPrivileged(AccessController.java:399)
2024-05-31 17:13:25,486 [ERROR] LogOutputStream:75 - [STDERR_REDIRECT] 	at java.base/java.security.ProtectionDomain$JavaSecurityAccessImpl.doIntersectionPrivilege(ProtectionDomain.java:86)
2024-05-31 17:13:25,487 [ERROR] LogOutputStream:75 - [STDERR_REDIRECT] 	at java.base/java.security.ProtectionDomain$JavaSecurityAccessImpl.doIntersectionPrivilege(ProtectionDomain.java:97)
2024-05-31 17:13:25,488 [ERROR] LogOutputStream:75 - [STDERR_REDIRECT] 	at java.desktop/java.awt.EventQueue$5.run(EventQueue.java:747)
2024-05-31 17:13:25,489 [ERROR] LogOutputStream:75 - [STDERR_REDIRECT] 	at java.desktop/java.awt.EventQueue$5.run(EventQueue.java:745)
2024-05-31 17:13:25,489 [ERROR] LogOutputStream:75 - [STDERR_REDIRECT] 	at java.base/java.security.AccessController.doPrivileged(AccessController.java:399)
2024-05-31 17:13:25,491 [ERROR] LogOutputStream:75 - [STDERR_REDIRECT] 	at java.base/java.security.ProtectionDomain$JavaSecurityAccessImpl.doIntersectionPrivilege(ProtectionDomain.java:86)
2024-05-31 17:13:25,492 [ERROR] LogOutputStream:75 - [STDERR_REDIRECT] 	at java.desktop/java.awt.EventQueue.dispatchEvent(EventQueue.java:744)
2024-05-31 17:13:25,493 [ERROR] LogOutputStream:75 - [STDERR_REDIRECT] 	at java.desktop/java.awt.EventDispatchThread.pumpOneEventForFilters(EventDispatchThread.java:203)
2024-05-31 17:13:25,494 [ERROR] LogOutputStream:75 - [STDERR_REDIRECT] 	at java.desktop/java.awt.EventDispatchThread.pumpEventsForFilter(EventDispatchThread.java:124)
2024-05-31 17:13:25,495 [ERROR] LogOutputStream:75 - [STDERR_REDIRECT] 	at java.desktop/java.awt.EventDispatchThread.pumpEventsForHierarchy(EventDispatchThread.java:113)
2024-05-31 17:13:25,496 [ERROR] LogOutputStream:75 - [STDERR_REDIRECT] 	at java.desktop/java.awt.EventDispatchThread.pumpEvents(EventDispatchThread.java:109)
2024-05-31 17:13:25,496 [ERROR] LogOutputStream:75 - [STDERR_REDIRECT] 	at java.desktop/java.awt.EventDispatchThread.pumpEvents(EventDispatchThread.java:101)
2024-05-31 17:13:25,497 [ERROR] LogOutputStream:75 - [STDERR_REDIRECT] 	at java.desktop/java.awt.EventDispatchThread.run(EventDispatchThread.java:90)
2024-05-31 17:13:37,915 [INFO] UtilMem:75 - End SaveConfig() Used Memory: 768467176 Bytes (924844032)
2024-05-31 17:13:40,592 [INFO] UtilMem:75 - End SaveConfig() Used Memory: 779479272 Bytes (924844032)
2024-05-31 17:13:43,335 [INFO] UtilMem:75 - End SaveConfig() Used Memory: 363726264 Bytes (924844032)
2024-05-31 17:13:43,617 [INFO] BlockDiagram:2759 - set Specific Code input for plugin: SYS
2024-05-31 17:13:43,619 [INFO] BlockDiagram:2759 - set Specific Code input for plugin: RCC
2024-05-31 17:13:43,619 [INFO] BlockDiagram:2759 - set Specific Code input for plugin: NVIC
2024-05-31 17:13:43,620 [INFO] BlockDiagram:2759 - set Specific Code input for plugin: USART
2024-05-31 17:13:43,620 [INFO] BlockDiagram:2759 - set Specific Code input for plugin: GPIO
2024-05-31 17:13:43,623 [INFO] CodeGenerator:807 - code generatio: config db path: C:\ST\STM32CubeIDE_1.15.1\STM32CubeIDE\plugins\com.st.stm32cube.common.mx_6.11.1.202404110753\\db\
2024-05-31 17:13:43,761 [INFO] CodeEngine:255 - oldGeneratedFile, C:\_mygit\STM32_Projects\STM32_Nucleo-64\RFID_ReadWrite2\MXTmpFiles\license.tmp_save
2024-05-31 17:13:43,835 [INFO] CodeEngine:279 - Generated code: C:\_mygit\STM32_Projects\STM32_Nucleo-64\RFID_ReadWrite2\MXTmpFiles\license.tmp
2024-05-31 17:13:43,856 [INFO] CodeEngine:255 - oldGeneratedFile, C:\_mygit\STM32_Projects\STM32_Nucleo-64\RFID_ReadWrite2\MXTmpFiles\gpio.tmp_save
2024-05-31 17:13:43,915 [INFO] CodeEngine:279 - Generated code: C:\_mygit\STM32_Projects\STM32_Nucleo-64\RFID_ReadWrite2\MXTmpFiles\gpio.tmp
2024-05-31 17:13:43,955 [INFO] CodeEngine:255 - oldGeneratedFile, C:\_mygit\STM32_Projects\STM32_Nucleo-64\RFID_ReadWrite2\Core\Src\stm32f4xx_it.c_save
2024-05-31 17:13:44,076 [INFO] CodeEngine:279 - Generated code: C:\_mygit\STM32_Projects\STM32_Nucleo-64\RFID_ReadWrite2\Core\Src\stm32f4xx_it.c
2024-05-31 17:13:44,082 [INFO] CodeEngine:255 - oldGeneratedFile, C:\_mygit\STM32_Projects\STM32_Nucleo-64\RFID_ReadWrite2\Core\Inc\stm32f4xx_it.h_save
2024-05-31 17:13:44,135 [INFO] CodeEngine:279 - Generated code: C:\_mygit\STM32_Projects\STM32_Nucleo-64\RFID_ReadWrite2\Core\Inc\stm32f4xx_it.h
2024-05-31 17:13:44,156 [INFO] CodeEngine:255 - oldGeneratedFile, C:\_mygit\STM32_Projects\STM32_Nucleo-64\RFID_ReadWrite2\Core\Src\stm32f4xx_hal_msp.c_save
2024-05-31 17:13:44,246 [INFO] CodeEngine:279 - Generated code: C:\_mygit\STM32_Projects\STM32_Nucleo-64\RFID_ReadWrite2\Core\Src\stm32f4xx_hal_msp.c
2024-05-31 17:13:44,253 [INFO] CodeEngine:255 - oldGeneratedFile, C:\_mygit\STM32_Projects\STM32_Nucleo-64\RFID_ReadWrite2\MXTmpFiles\system.tmp_save
2024-05-31 17:13:44,303 [INFO] CodeEngine:279 - Generated code: C:\_mygit\STM32_Projects\STM32_Nucleo-64\RFID_ReadWrite2\MXTmpFiles\system.tmp
2024-05-31 17:13:44,320 [INFO] CodeEngine:311 - oldGeneratedFile, C:\_mygit\STM32_Projects\STM32_Nucleo-64\RFID_ReadWrite2\Core\Inc\stm32f4xx_hal_conf.h_save
2024-05-31 17:13:44,393 [INFO] CodeEngine:335 - Generated code: C:\_mygit\STM32_Projects\STM32_Nucleo-64\RFID_ReadWrite2\Core\Inc\stm32f4xx_hal_conf.h
2024-05-31 17:13:44,410 [WARN] IPConfigManager:2982 - Warning: the RefConfig PLL2P_FOR_MCO is not available in your config.xml file
2024-05-31 17:13:44,428 [INFO] CodeEngine:255 - oldGeneratedFile, C:\_mygit\STM32_Projects\STM32_Nucleo-64\RFID_ReadWrite2\Core\Inc\main.h_save
2024-05-31 17:13:44,496 [INFO] CodeEngine:279 - Generated code: C:\_mygit\STM32_Projects\STM32_Nucleo-64\RFID_ReadWrite2\Core\Inc\main.h
2024-05-31 17:13:44,508 [INFO] CodeEngine:255 - oldGeneratedFile, C:\_mygit\STM32_Projects\STM32_Nucleo-64\RFID_ReadWrite2\Core\Src\main.c_save
2024-05-31 17:13:44,598 [INFO] CodeEngine:279 - Generated code: C:\_mygit\STM32_Projects\STM32_Nucleo-64\RFID_ReadWrite2\Core\Src\main.c
2024-05-31 17:13:44,762 [INFO] ProjectBuilder:3163 - Time for Copy HAL[2] : 1mS.
2024-05-31 17:13:44,766 [INFO] ProjectBuilder:4736 - Project Generator version: 4.3.0-B58
2024-05-31 17:13:44,835 [INFO] ConfigFileManager:1503 - The Die is : DIE421
2024-05-31 17:13:45,803 [INFO] ProjectBuilder:5002 - Time for Generating toolchain IDE Files: 1037mS.
2024-05-31 17:13:45,804 [INFO] ProjectBuilder:3034 - Time for Copy CMSIS : 0mS.
2024-05-31 17:13:45,809 [INFO] ProjectBuilder:3034 - Time for Copy CMSIS : 0mS.
2024-05-31 17:45:29,618 [ERROR] ConfigurationRetriever:142 - IOException on connection: Read timed out
2024-05-31 17:46:43,097 [ERROR] ConfigurationRetriever:142 - IOException on connection: Read timed out
2024-05-31 17:51:09,060 [ERROR] ConfigurationRetriever:142 - IOException on connection: Read timed out
2024-05-31 17:53:14,648 [ERROR] ConfigurationRetriever:142 - IOException on connection: Read timed out
2024-05-31 17:56:15,914 [ERROR] ConfigurationRetriever:142 - IOException on connection: Read timed out
2024-05-31 17:57:04,332 [ERROR] ConfigurationRetriever:142 - IOException on connection: Read timed out
2024-05-31 18:23:02,214 [ERROR] ConfigurationRetriever:142 - IOException on connection: Read timed out
2024-05-31 18:28:52,134 [ERROR] ConfigurationRetriever:142 - IOException on connection: Read timed out
2024-05-31 18:38:39,442 [ERROR] ConfigurationRetriever:142 - IOException on connection: Read timed out
2024-05-31 23:26:03,332 [INFO] MainUpdater:2873 - connection check result : 10
2024-05-31 23:26:03,332 [INFO] MainUpdater:2873 - connection check result : 10
2024-05-31 23:26:03,346 [INFO] UtilMem:75 - Begin LoadConfig() Used Memory: 641830168 Bytes (924844032)
2024-05-31 23:26:03,347 [INFO] MicroXplorer:468 - Change Database Path : 
2024-05-31 23:26:03,347 [INFO] MicroXplorer:498 - Change Database Version : DB.6.0.111
2024-05-31 23:26:03,348 [INFO] OpenFileManager:312 - Change cursor
2024-05-31 23:26:03,379 [INFO] RulesReader:64 - Compatibility file has been processed (297 Rules)
2024-05-31 23:26:03,386 [INFO] Mcu:2021 - Initializing MCU STM32F446R(C-E)Tx STM32F446RETx STM32F446RET6
2024-05-31 23:26:04,823 [INFO] Context:663 - Trying to add GPIOservice into a context  which must be forbidden
2024-05-31 23:26:05,241 [INFO] ThirdPartyModel:298 - Start build external matchings
2024-05-31 23:26:05,773 [INFO] ThirdPartyModel:316 - End build external matchings
2024-05-31 23:26:05,779 [INFO] ImportTextPane:194 - (OptionalMessage_ERROR) IP (RCC) : Invalid parameter (48MHZClocksFreq_Value)
2024-05-31 23:26:05,779 [INFO] ImportTextPane:194 - (OptionalMessage_ERROR) IP (RCC) : Invalid parameter (EthernetFreq_Value)
2024-05-31 23:26:05,780 [INFO] ImportTextPane:194 - (OptionalMessage_ERROR) IP (RCC) : Parameter (FLatency) has Id (AdvancedSettings) currently not set
2024-05-31 23:26:05,780 [INFO] ImportTextPane:194 - (OptionalMessage_ERROR) IP (RCC) : Invalid parameter (FamilyName)
2024-05-31 23:26:05,780 [INFO] ImportTextPane:194 - (OptionalMessage_ERROR) IP (RCC) : Invalid parameter (I2SClocksFreq_Value)
2024-05-31 23:26:05,781 [INFO] ImportTextPane:194 - (OptionalMessage_ERROR) IP (RCC) : Parameter (SDIOFreq_Value) has invalid value (168000000)
2024-05-31 23:26:05,781 [INFO] ImportTextPane:194 - (OptionalMessage_ERROR) IP (RCC) : Parameter (USBFreq_Value) has invalid value (168000000)
2024-05-31 23:26:05,781 [INFO] ImportTextPane:194 - (OptionalMessage_ERROR) IP (RCC) : Invalid parameter (VCOInputMFreq_Value)
2024-05-31 23:26:05,781 [INFO] ImportTextPane:194 - (OptionalMessage_ERROR) IP (RCC) : Invalid parameter (VcooutputI2S)
2024-05-31 23:26:06,092 [INFO] UtilMem:75 - End LoadConfig() Used Memory: 600845424 Bytes (924844032)
2024-05-31 23:26:06,218 [WARN] ThirdParty:833 - waiting for thirdparty lock release [change project]
2024-05-31 23:26:06,219 [INFO] ThirdParty:835 - entering critical section [change project]
2024-05-31 23:26:06,219 [INFO] ThirdParty:1030 - CMSIS Pack Vendor :STMicroelectronics USBPD 4.1
2024-05-31 23:26:06,219 [INFO] ThirdParty:1030 - CMSIS Pack Vendor :STMicroelectronics X-CUBE-GNSS1 6.0.0
2024-05-31 23:26:06,219 [INFO] ThirdParty:1030 - CMSIS Pack Vendor :STMicroelectronics USB_HOST 2.0.0
2024-05-31 23:26:06,219 [INFO] ThirdParty:1030 - CMSIS Pack Vendor :STMicroelectronics FP-SNS-MOTENVWB1 1.4.0
2024-05-31 23:26:06,219 [INFO] ThirdParty:1030 - CMSIS Pack Vendor :STMicroelectronics X-CUBE-AZRTOS-F4 1.1.0
2024-05-31 23:26:06,219 [INFO] ThirdParty:1030 - CMSIS Pack Vendor :STMicroelectronics LIBJPEG 8.0.0
2024-05-31 23:26:06,220 [INFO] ThirdParty:1030 - CMSIS Pack Vendor :STMicroelectronics X-CUBE-SMBUS 2.1.0
2024-05-31 23:26:06,220 [INFO] ThirdParty:1030 - CMSIS Pack Vendor :STMicroelectronics USB_DEVICE 3.0.0
2024-05-31 23:26:06,220 [INFO] ThirdParty:1030 - CMSIS Pack Vendor :STMicroelectronics X-CUBE-TCPP 4.1.0
2024-05-31 23:26:06,220 [INFO] ThirdParty:1030 - CMSIS Pack Vendor :STMicroelectronics X-CUBE-FREERTOS 1.2.0
2024-05-31 23:26:06,220 [INFO] ThirdParty:1030 - CMSIS Pack Vendor :STMicroelectronics X-CUBE-AZRTOS-WB 2.0.0
2024-05-31 23:26:06,220 [INFO] ThirdParty:1030 - CMSIS Pack Vendor :STMicroelectronics X-CUBE-TOUCHGFX 4.23.2
2024-05-31 23:26:06,220 [INFO] ThirdParty:1030 - CMSIS Pack Vendor :STMicroelectronics X-CUBE-AZRTOS-F7 1.1.0
2024-05-31 23:26:06,220 [INFO] ThirdParty:1030 - CMSIS Pack Vendor :STMicroelectronics X-CUBE-AZRTOS-L5 2.0.0
2024-05-31 23:26:06,220 [INFO] ThirdParty:1030 - CMSIS Pack Vendor :STMicroelectronics USB_DEVICE 2.0.0
2024-05-31 23:26:06,220 [INFO] ThirdParty:1030 - CMSIS Pack Vendor :STMicroelectronics X-CUBE-NFC6 3.1.0
2024-05-31 23:26:06,220 [INFO] ThirdParty:1030 - CMSIS Pack Vendor :STMicroelectronics FreeRTOS 0.0.1
2024-05-31 23:26:06,220 [INFO] ThirdParty:1030 - CMSIS Pack Vendor :STMicroelectronics X-CUBE-AZRTOS-G0 1.1.0
2024-05-31 23:26:06,220 [INFO] ThirdParty:1030 - CMSIS Pack Vendor :STMicroelectronics X-CUBE-SAFEA1 1.2.2
2024-05-31 23:26:06,220 [INFO] ThirdParty:1030 - CMSIS Pack Vendor :STMicroelectronics X-CUBE-NFC4 3.0.0
2024-05-31 23:26:06,220 [INFO] ThirdParty:1030 - CMSIS Pack Vendor :STMicroelectronics X-CUBE-SUBG2 5.0.0
2024-05-31 23:26:06,220 [INFO] ThirdParty:1030 - CMSIS Pack Vendor :STMicroelectronics STM32_WPAN 1.0.0
2024-05-31 23:26:06,221 [INFO] ThirdParty:1030 - CMSIS Pack Vendor :STMicroelectronics lwIP 2.0.3
2024-05-31 23:26:06,221 [INFO] ThirdParty:1030 - CMSIS Pack Vendor :STMicroelectronics FP-SNS-FLIGHT1 5.0.2
2024-05-31 23:26:06,221 [INFO] ThirdParty:1030 - CMSIS Pack Vendor :Cesanta I-CUBE-Mongoose 7.13.0
2024-05-31 23:26:06,221 [INFO] ThirdParty:1030 - CMSIS Pack Vendor :STMicroelectronics USB_HOST 1.0.0
2024-05-31 23:26:06,221 [INFO] ThirdParty:1030 - CMSIS Pack Vendor :STMicroelectronics X-CUBE-AI 9.0.0
2024-05-31 23:26:06,221 [INFO] ThirdParty:1030 - CMSIS Pack Vendor :STMicroelectronics X-CUBE-AZRTOS-G4 2.0.0
2024-05-31 23:26:06,221 [INFO] ThirdParty:1030 - CMSIS Pack Vendor :STMicroelectronics PDM2PCM 3.1.0
2024-05-31 23:26:06,221 [INFO] ThirdParty:1030 - CMSIS Pack Vendor :STMicroelectronics PDM2PCM 3.3.0
2024-05-31 23:26:06,221 [INFO] ThirdParty:1030 - CMSIS Pack Vendor :STMicroelectronics X-CUBE-DISPLAY 3.0.0
2024-05-31 23:26:06,221 [INFO] ThirdParty:1030 - CMSIS Pack Vendor :wolfSSL I-CUBE-wolfSSL 5.7.0
2024-05-31 23:26:06,221 [INFO] ThirdParty:1030 - CMSIS Pack Vendor :STMicroelectronics X-CUBE-BLE1 7.0.0
2024-05-31 23:26:06,221 [INFO] ThirdParty:1030 - CMSIS Pack Vendor :STMicroelectronics FP-ATR-SIGFOX1 3.2.0
2024-05-31 23:26:06,221 [INFO] ThirdParty:1030 - CMSIS Pack Vendor :STMicroelectronics X-CUBE-ISPU 2.0.0
2024-05-31 23:26:06,221 [INFO] ThirdParty:1030 - CMSIS Pack Vendor :STMicroelectronics X-CUBE-EEPRMA1 5.1.0
2024-05-31 23:26:06,221 [INFO] ThirdParty:1030 - CMSIS Pack Vendor :STMicroelectronics HAL Drivers 0.0.0
2024-05-31 23:26:06,221 [INFO] ThirdParty:1030 - CMSIS Pack Vendor :STMicroelectronics MBEDTLS 2.16.2
2024-05-31 23:26:06,221 [INFO] ThirdParty:1030 - CMSIS Pack Vendor :STMicroelectronics X-CUBE-ALS 1.0.2
2024-05-31 23:26:06,221 [INFO] ThirdParty:1030 - CMSIS Pack Vendor :emotas I-CUBE-CANOPEN 1.3.0
2024-05-31 23:26:06,221 [INFO] ThirdParty:1030 - CMSIS Pack Vendor :STMicroelectronics X-CUBE-MEMS1 10.0.0
2024-05-31 23:26:06,221 [INFO] ThirdParty:1030 - CMSIS Pack Vendor :STMicroelectronics X-CUBE-NFC7 1.0.1
2024-05-31 23:26:06,221 [INFO] ThirdParty:1030 - CMSIS Pack Vendor :STMicroelectronics MBEDTLS 2.14.1
2024-05-31 23:26:06,221 [INFO] ThirdParty:1030 - CMSIS Pack Vendor :ITTIA_DB I-CUBE-ITTIADB 8.9.0
2024-05-31 23:26:06,221 [INFO] ThirdParty:1030 - CMSIS Pack Vendor :portGmbH I-Cube-SoM-uGOAL 1.1.0
2024-05-31 23:26:06,221 [INFO] ThirdParty:1030 - CMSIS Pack Vendor :STMicroelectronics X-CUBE-BLEMGR 3.1.0
2024-05-31 23:26:06,221 [INFO] ThirdParty:1030 - CMSIS Pack Vendor :STMicroelectronics ThreadX 1.0.0
2024-05-31 23:26:06,221 [INFO] ThirdParty:1030 - CMSIS Pack Vendor :STMicroelectronics FP-SNS-SMARTAG2 1.2.0
2024-05-31 23:26:06,221 [INFO] ThirdParty:1030 - CMSIS Pack Vendor :STMicroelectronics X-CUBE-AZRTOS-WL 2.0.0
2024-05-31 23:26:06,222 [INFO] ThirdParty:1030 - CMSIS Pack Vendor :SEGGER I-CUBE-embOS 1.3.1
2024-05-31 23:26:06,222 [INFO] ThirdParty:1030 - CMSIS Pack Vendor :STMicroelectronics X-CUBE-ALGOBUILD 1.4.0
2024-05-31 23:26:06,222 [INFO] ThirdParty:1030 - CMSIS Pack Vendor :STMicroelectronics FP-SNS-MOTENV1 5.0.0
2024-05-31 23:26:06,222 [INFO] ThirdParty:1030 - CMSIS Pack Vendor :STMicroelectronics USB_DEVICE 1.0.0
2024-05-31 23:26:06,222 [INFO] ThirdParty:1030 - CMSIS Pack Vendor :STMicroelectronics X-CUBE-AZRTOS-H7RS 1.0.0
2024-05-31 23:26:06,222 [INFO] ThirdParty:1030 - CMSIS Pack Vendor :STMicroelectronics X-CUBE-AZRTOS-L4 2.0.0
2024-05-31 23:26:06,222 [INFO] ThirdParty:1030 - CMSIS Pack Vendor :STMicroelectronics ThreadX 0.0.2
2024-05-31 23:26:06,222 [INFO] ThirdParty:1030 - CMSIS Pack Vendor :WES I-CUBE-Cesium 1.3.0
2024-05-31 23:26:06,222 [INFO] ThirdParty:1030 - CMSIS Pack Vendor :STMicroelectronics FP-ATR-ASTRA1 2.0.0
2024-05-31 23:26:06,222 [INFO] ThirdParty:1030 - CMSIS Pack Vendor :STMicroelectronics lwIP 2.1.2
2024-05-31 23:26:06,222 [INFO] ThirdParty:1030 - CMSIS Pack Vendor :STMicroelectronics X-CUBE-SFXS2LP1 4.0.0
2024-05-31 23:26:06,222 [INFO] ThirdParty:1030 - CMSIS Pack Vendor :STMicroelectronics X-CUBE-BLE2 3.3.0
2024-05-31 23:26:06,222 [INFO] ThirdParty:1030 - CMSIS Pack Vendor :STMicroelectronics X-CUBE-TOF1 3.4.1
2024-05-31 23:26:06,222 [INFO] ThirdParty:1030 - CMSIS Pack Vendor :STMicroelectronics X-CUBE-AZRTOS-H7 3.2.0
2024-05-31 23:26:06,222 [INFO] ThirdParty:1030 - CMSIS Pack Vendor :Infineon AIROC-Wi-Fi-Bluetooth-STM32 1.6.0
2024-05-31 23:26:06,222 [INFO] ThirdParty:1030 - CMSIS Pack Vendor :STMicroelectronics PDM2PCM 3.2.0
2024-05-31 23:26:06,222 [INFO] ThirdParty:841 - exiting critical section [change project]
2024-05-31 23:26:06,351 [INFO] PinOutPanel:1561 - setPackage(No Configuration,No Configuration)
2024-05-31 23:26:06,352 [INFO] PinOutPanel:1561 - setPackage(STM32F446RETx,LQFP64)
2024-05-31 23:26:06,582 [INFO] UtilMem:75 - Before build in PCC Used Memory: 382939368 Bytes (924844032)
2024-05-31 23:26:06,848 [INFO] UtilMem:75 - After build in PCC Used Memory: 433013528 Bytes (924844032)
2024-05-31 23:26:06,859 [WARN] IpParametersView:151 - Warning: This peripheral hasn't parameters
2024-05-31 23:26:06,864 [WARN] MainPanel:272 - <html><b><center>Warning: This peripheral has no parameters to be configured<br></b></html>
2024-05-31 23:26:06,888 [INFO] IPUIPlugin:80 - create IPUIPlugin
2024-05-31 23:26:06,888 [INFO] IPUIPlugin:80 - create IPUIPlugin
2024-05-31 23:26:06,888 [INFO] IPUIPlugin:80 - create IPUIPlugin
2024-05-31 23:26:06,888 [INFO] IPUIPlugin:80 - create IPUIPlugin
2024-05-31 23:26:06,888 [INFO] IPUIPlugin:80 - create IPUIPlugin
2024-05-31 23:26:06,889 [INFO] IPUIPlugin:80 - create IPUIPlugin
2024-05-31 23:26:06,889 [INFO] IPUIPlugin:80 - create IPUIPlugin
2024-05-31 23:26:06,889 [INFO] IPUIPlugin:80 - create IPUIPlugin
2024-05-31 23:26:06,889 [INFO] IPUIPlugin:80 - create IPUIPlugin
2024-05-31 23:26:06,890 [INFO] IPUIPlugin:80 - create IPUIPlugin
2024-05-31 23:26:06,890 [INFO] IPUIPlugin:80 - create IPUIPlugin
2024-05-31 23:26:06,890 [INFO] IPUIPlugin:80 - create IPUIPlugin
2024-05-31 23:26:06,890 [INFO] IPUIPlugin:80 - create IPUIPlugin
2024-05-31 23:26:06,891 [INFO] IPUIPlugin:80 - create IPUIPlugin
2024-05-31 23:26:06,891 [INFO] IPUIPlugin:80 - create IPUIPlugin
2024-05-31 23:26:06,891 [INFO] IPUIPlugin:80 - create IPUIPlugin
2024-05-31 23:26:06,891 [INFO] IPUIPlugin:80 - create IPUIPlugin
2024-05-31 23:26:06,891 [INFO] IPUIPlugin:80 - create IPUIPlugin
2024-05-31 23:26:06,892 [INFO] IPUIPlugin:80 - create IPUIPlugin
2024-05-31 23:26:06,892 [INFO] IPUIPlugin:80 - create IPUIPlugin
2024-05-31 23:26:06,892 [INFO] IPUIPlugin:80 - create IPUIPlugin
2024-05-31 23:26:06,892 [INFO] IPUIPlugin:80 - create IPUIPlugin
2024-05-31 23:26:06,892 [INFO] IPUIPlugin:80 - create IPUIPlugin
2024-05-31 23:26:06,892 [INFO] IPUIPlugin:80 - create IPUIPlugin
2024-05-31 23:26:06,893 [INFO] IPUIPlugin:80 - create IPUIPlugin
2024-05-31 23:26:06,893 [INFO] IPUIPlugin:80 - create IPUIPlugin
2024-05-31 23:26:06,893 [INFO] IPUIPlugin:80 - create IPUIPlugin
2024-05-31 23:26:06,893 [INFO] IPUIPlugin:80 - create IPUIPlugin
2024-05-31 23:26:06,893 [INFO] IPUIPlugin:80 - create IPUIPlugin
2024-05-31 23:26:06,894 [INFO] IPUIPlugin:80 - create IPUIPlugin
2024-05-31 23:26:06,894 [INFO] IPUIPlugin:80 - create IPUIPlugin
2024-05-31 23:26:06,894 [INFO] IPUIPlugin:80 - create IPUIPlugin
2024-05-31 23:26:06,894 [INFO] IPUIPlugin:80 - create IPUIPlugin
2024-05-31 23:26:06,894 [INFO] IPUIPlugin:80 - create IPUIPlugin
2024-05-31 23:26:06,895 [INFO] IPUIPlugin:80 - create IPUIPlugin
2024-05-31 23:26:06,895 [INFO] IPUIPlugin:80 - create IPUIPlugin
2024-05-31 23:26:06,895 [INFO] IPUIPlugin:80 - create IPUIPlugin
2024-05-31 23:26:06,895 [INFO] IPUIPlugin:80 - create IPUIPlugin
2024-05-31 23:26:06,896 [INFO] IPUIPlugin:80 - create IPUIPlugin
2024-05-31 23:26:06,896 [INFO] IPUIPlugin:80 - create IPUIPlugin
2024-05-31 23:26:06,896 [INFO] IPUIPlugin:80 - create IPUIPlugin
2024-05-31 23:26:06,896 [INFO] IPUIPlugin:80 - create IPUIPlugin
2024-05-31 23:26:06,897 [INFO] IPUIPlugin:80 - create IPUIPlugin
2024-05-31 23:26:06,897 [INFO] IPUIPlugin:80 - create IPUIPlugin
2024-05-31 23:26:06,897 [INFO] IPUIPlugin:80 - create IPUIPlugin
2024-05-31 23:26:06,897 [INFO] IPUIPlugin:80 - create IPUIPlugin
2024-05-31 23:26:06,898 [INFO] IPUIPlugin:80 - create IPUIPlugin
2024-05-31 23:26:06,898 [INFO] IPUIPlugin:80 - create IPUIPlugin
2024-05-31 23:26:06,898 [INFO] IPUIPlugin:80 - create IPUIPlugin
2024-05-31 23:26:06,898 [INFO] IPUIPlugin:80 - create IPUIPlugin
2024-05-31 23:26:06,899 [INFO] IPUIPlugin:80 - create IPUIPlugin
2024-05-31 23:26:06,899 [INFO] IPUIPlugin:80 - create IPUIPlugin
2024-05-31 23:26:06,899 [INFO] IPUIPlugin:80 - create IPUIPlugin
2024-05-31 23:26:06,900 [INFO] IPUIPlugin:80 - create IPUIPlugin
2024-05-31 23:26:06,900 [INFO] IPUIPlugin:80 - create IPUIPlugin
2024-05-31 23:26:06,900 [INFO] IPUIPlugin:80 - create IPUIPlugin
2024-05-31 23:26:06,901 [INFO] IPUIPlugin:80 - create IPUIPlugin
2024-05-31 23:26:06,901 [INFO] IPUIPlugin:80 - create IPUIPlugin
2024-05-31 23:26:06,902 [INFO] IPUIPlugin:80 - create IPUIPlugin
2024-05-31 23:26:06,902 [INFO] IPUIPlugin:80 - create IPUIPlugin
2024-05-31 23:26:06,907 [INFO] ApiDbMcu:508 - Load IP Config File for PDM2PCM
2024-05-31 23:26:06,917 [INFO] CADModel:165 - CPN selected for project levelSTM32F446RET6
2024-05-31 23:26:06,917 [INFO] CADModel:114 - Register for checkConnection events
2024-05-31 23:26:06,990 [INFO] OpenFileManager:343 - Restore cursor
