2024-05-30 00:29:14,948 [INFO] UtilMem:75 - End SaveConfig() Used Memory: 581250512 Bytes (781189120)
2024-05-30 00:29:16,595 [INFO] UtilMem:75 - End SaveConfig() Used Memory: 607264336 Bytes (781189120)
2024-05-30 00:29:19,249 [INFO] UtilMem:75 - End SaveConfig() Used Memory: 642915656 Bytes (781189120)
2024-05-30 00:29:19,865 [INFO] BlockDiagram:2759 - set Specific Code input for plugin: SYS
2024-05-30 00:29:19,866 [INFO] BlockDiagram:2759 - set Specific Code input for plugin: RCC
2024-05-30 00:29:19,866 [INFO] BlockDiagram:2759 - set Specific Code input for plugin: NVIC
2024-05-30 00:29:19,866 [INFO] BlockDiagram:2759 - set Specific Code input for plugin: USART
2024-05-30 00:29:19,866 [INFO] BlockDiagram:2759 - set Specific Code input for plugin: FMPI2C
2024-05-30 00:29:19,866 [INFO] BlockDiagram:2759 - set Specific Code input for plugin: GPIO
2024-05-30 00:29:19,868 [INFO] CodeGenerator:807 - code generatio: config db path: C:\ST\STM32CubeIDE_1.15.1\STM32CubeIDE\plugins\com.st.stm32cube.common.mx_6.11.1.202404110753\\db\
2024-05-30 00:29:20,093 [INFO] CodeEngine:255 - oldGeneratedFile, C:\_mygit\STM32_Projects\STM32_Nucleo-64\RFID_ReadWrite2\MXTmpFiles\license.tmp_save
2024-05-30 00:29:20,458 [INFO] CodeEngine:279 - Generated code: C:\_mygit\STM32_Projects\STM32_Nucleo-64\RFID_ReadWrite2\MXTmpFiles\license.tmp
2024-05-30 00:29:20,526 [INFO] CodeEngine:255 - oldGeneratedFile, C:\_mygit\STM32_Projects\STM32_Nucleo-64\RFID_ReadWrite2\MXTmpFiles\gpio.tmp_save
2024-05-30 00:29:20,658 [INFO] CodeEngine:279 - Generated code: C:\_mygit\STM32_Projects\STM32_Nucleo-64\RFID_ReadWrite2\MXTmpFiles\gpio.tmp
2024-05-30 00:29:20,827 [INFO] CodeEngine:255 - oldGeneratedFile, C:\_mygit\STM32_Projects\STM32_Nucleo-64\RFID_ReadWrite2\Core\Src\stm32f4xx_it.c_save
2024-05-30 00:29:21,003 [INFO] CodeEngine:279 - Generated code: C:\_mygit\STM32_Projects\STM32_Nucleo-64\RFID_ReadWrite2\Core\Src\stm32f4xx_it.c
2024-05-30 00:29:21,011 [INFO] CodeEngine:255 - oldGeneratedFile, C:\_mygit\STM32_Projects\STM32_Nucleo-64\RFID_ReadWrite2\Core\Inc\stm32f4xx_it.h_save
2024-05-30 00:29:21,107 [INFO] CodeEngine:279 - Generated code: C:\_mygit\STM32_Projects\STM32_Nucleo-64\RFID_ReadWrite2\Core\Inc\stm32f4xx_it.h
2024-05-30 00:29:21,142 [INFO] CodeEngine:255 - oldGeneratedFile, C:\_mygit\STM32_Projects\STM32_Nucleo-64\RFID_ReadWrite2\Core\Src\stm32f4xx_hal_msp.c_save
2024-05-30 00:29:21,312 [INFO] CodeEngine:279 - Generated code: C:\_mygit\STM32_Projects\STM32_Nucleo-64\RFID_ReadWrite2\Core\Src\stm32f4xx_hal_msp.c
2024-05-30 00:29:21,320 [INFO] CodeEngine:255 - oldGeneratedFile, C:\_mygit\STM32_Projects\STM32_Nucleo-64\RFID_ReadWrite2\MXTmpFiles\system.tmp_save
2024-05-30 00:29:21,400 [INFO] CodeEngine:279 - Generated code: C:\_mygit\STM32_Projects\STM32_Nucleo-64\RFID_ReadWrite2\MXTmpFiles\system.tmp
2024-05-30 00:29:21,423 [INFO] CodeEngine:311 - oldGeneratedFile, C:\_mygit\STM32_Projects\STM32_Nucleo-64\RFID_ReadWrite2\Core\Inc\stm32f4xx_hal_conf.h_save
2024-05-30 00:29:21,528 [INFO] CodeEngine:335 - Generated code: C:\_mygit\STM32_Projects\STM32_Nucleo-64\RFID_ReadWrite2\Core\Inc\stm32f4xx_hal_conf.h
2024-05-30 00:29:21,570 [WARN] IPConfigManager:2982 - Warning: the RefConfig PLL2P_FOR_MCO is not available in your config.xml file
2024-05-30 00:29:21,598 [INFO] CodeEngine:255 - oldGeneratedFile, C:\_mygit\STM32_Projects\STM32_Nucleo-64\RFID_ReadWrite2\Core\Inc\main.h_save
2024-05-30 00:29:21,704 [INFO] CodeEngine:279 - Generated code: C:\_mygit\STM32_Projects\STM32_Nucleo-64\RFID_ReadWrite2\Core\Inc\main.h
2024-05-30 00:29:21,716 [INFO] CodeEngine:255 - oldGeneratedFile, C:\_mygit\STM32_Projects\STM32_Nucleo-64\RFID_ReadWrite2\Core\Src\main.c_save
2024-05-30 00:29:21,873 [INFO] CodeEngine:279 - Generated code: C:\_mygit\STM32_Projects\STM32_Nucleo-64\RFID_ReadWrite2\Core\Src\main.c
2024-05-30 00:29:22,071 [INFO] ProjectBuilder:3163 - Time for Copy HAL[2] : 0mS.
2024-05-30 00:29:22,084 [INFO] ProjectBuilder:4736 - Project Generator version: 4.3.0-B58
2024-05-30 00:29:22,169 [INFO] ConfigFileManager:1503 - The Die is : DIE421
2024-05-30 00:29:22,179 [INFO] ApiDbMcu:508 - Load IP Config File for FATFS
2024-05-30 00:29:22,184 [INFO] ApiDbMcu:508 - Load IP Config File for FREERTOS
2024-05-30 00:29:22,187 [INFO] ApiDbMcu:508 - Load IP Config File for LIBJPEG
2024-05-30 00:29:22,195 [INFO] ApiDbMcu:508 - Load IP Config File for MBEDTLS
2024-05-30 00:29:22,202 [INFO] ApiDbMcu:508 - Load IP Config File for USB_DEVICE
2024-05-30 00:29:22,207 [INFO] ApiDbMcu:508 - Load IP Config File for USB_HOST
